TN:
SF:app.js
FN:51,(anonymous_0)
FN:68,(anonymous_1)
FN:80,(anonymous_2)
FN:97,(anonymous_3)
FN:135,(anonymous_4)
FN:138,(anonymous_5)
FN:156,(anonymous_6)
FN:216,(anonymous_7)
FN:230,(anonymous_8)
FN:324,(anonymous_9)
FN:340,(anonymous_10)
FN:348,(anonymous_11)
FN:400,(anonymous_12)
FNF:13
FNH:6
FNDA:13,(anonymous_0)
FNDA:26,(anonymous_1)
FNDA:13,(anonymous_2)
FNDA:13,(anonymous_3)
FNDA:2,(anonymous_4)
FNDA:0,(anonymous_5)
FNDA:13,(anonymous_6)
FNDA:0,(anonymous_7)
FNDA:0,(anonymous_8)
FNDA:0,(anonymous_9)
FNDA:0,(anonymous_10)
FNDA:0,(anonymous_11)
FNDA:0,(anonymous_12)
DA:10,2
DA:11,2
DA:12,2
DA:13,2
DA:14,2
DA:15,2
DA:16,2
DA:17,2
DA:19,2
DA:26,2
DA:48,2
DA:52,13
DA:53,13
DA:60,2
DA:67,2
DA:68,2
DA:69,26
DA:70,26
DA:71,26
DA:72,26
DA:73,26
DA:74,0
DA:76,26
DA:78,0
DA:80,2
DA:81,13
DA:82,13
DA:83,13
DA:84,13
DA:91,2
DA:97,13
DA:99,2
DA:102,2
DA:110,2
DA:114,2
DA:121,2
DA:122,2
DA:123,2
DA:124,2
DA:125,2
DA:135,2
DA:137,2
DA:138,0
DA:141,2
DA:152,2
DA:153,2
DA:155,2
DA:158,13
DA:160,0
DA:162,0
DA:164,0
DA:166,0
DA:178,2
DA:184,2
DA:185,2
DA:193,2
DA:198,2
DA:200,2
DA:201,2
DA:216,2
DA:217,0
DA:230,2
DA:231,0
DA:232,0
DA:241,0
DA:242,0
DA:243,0
DA:244,0
DA:246,0
DA:247,0
DA:251,0
DA:252,0
DA:253,0
DA:258,0
DA:262,0
DA:263,0
DA:269,0
DA:271,0
DA:272,0
DA:279,2
DA:280,2
DA:281,2
DA:282,2
DA:283,2
DA:284,2
DA:285,2
DA:286,2
DA:287,2
DA:288,2
DA:289,2
DA:290,2
DA:291,2
DA:292,2
DA:293,2
DA:294,2
DA:295,2
DA:296,2
DA:297,2
DA:298,2
DA:299,2
DA:300,2
DA:301,2
DA:302,2
DA:304,2
DA:305,2
DA:306,2
DA:307,2
DA:308,2
DA:311,2
DA:312,2
DA:313,2
DA:314,2
DA:315,2
DA:324,2
DA:325,0
DA:340,2
DA:341,0
DA:344,0
DA:345,0
DA:348,0
DA:356,0
DA:357,0
DA:365,0
DA:366,0
DA:372,0
DA:373,0
DA:380,0
DA:398,2
DA:400,2
DA:401,0
DA:402,0
DA:405,0
DA:406,0
DA:420,0
DA:421,0
DA:423,0
DA:424,0
DA:427,0
DA:428,0
DA:432,0
DA:433,0
DA:436,0
DA:437,0
DA:441,0
DA:442,0
DA:443,0
DA:444,0
DA:445,0
DA:446,0
DA:447,0
DA:449,0
DA:450,0
DA:454,0
DA:455,0
DA:456,0
DA:457,0
DA:458,0
DA:461,0
DA:462,0
DA:463,0
DA:464,0
DA:465,0
DA:466,0
DA:467,0
DA:468,0
DA:469,0
DA:470,0
DA:474,0
DA:475,0
DA:482,0
DA:483,0
DA:485,0
DA:486,0
DA:488,0
DA:491,0
DA:492,0
DA:493,0
DA:494,0
DA:495,0
DA:496,0
DA:497,0
DA:498,0
DA:499,0
DA:500,0
DA:501,0
DA:502,0
DA:503,0
DA:504,0
DA:505,0
DA:506,0
DA:507,0
DA:510,0
DA:511,0
DA:512,0
DA:514,0
DA:515,0
DA:530,0
DA:531,0
DA:534,0
DA:535,0
DA:536,0
DA:537,0
DA:538,0
DA:539,0
DA:541,0
DA:545,0
DA:546,0
DA:547,0
DA:548,0
DA:549,0
DA:550,0
DA:551,0
DA:552,0
DA:553,0
DA:554,0
DA:555,0
DA:557,0
DA:560,0
DA:561,0
DA:563,0
DA:565,0
DA:566,0
DA:567,0
DA:568,0
DA:572,0
DA:573,0
DA:576,0
DA:577,0
DA:578,0
DA:581,0
DA:582,0
DA:585,0
DA:588,0
DA:591,0
DA:592,0
DA:595,0
DA:597,0
DA:601,0
DA:602,0
DA:605,0
DA:606,0
DA:608,0
DA:609,0
DA:614,2
DA:615,0
DA:618,2
LF:246
LH:94
BRDA:37,0,0,0
BRDA:37,0,1,2
BRDA:52,1,0,0
BRDA:52,1,1,13
BRDA:69,2,0,0
BRDA:69,2,1,26
BRDA:70,3,0,0
BRDA:70,3,1,26
BRDA:71,4,0,26
BRDA:71,4,1,0
BRDA:71,5,0,26
BRDA:71,5,1,26
BRDA:81,6,0,0
BRDA:81,6,1,13
BRDA:81,7,0,13
BRDA:81,7,1,0
BRDA:82,8,0,13
BRDA:82,8,1,0
BRDA:82,9,0,13
BRDA:82,9,1,13
BRDA:83,10,0,13
BRDA:83,10,1,0
BRDA:83,11,0,13
BRDA:83,11,1,13
BRDA:97,12,0,13
BRDA:97,12,1,13
BRDA:137,13,0,0
BRDA:137,13,1,2
BRDA:158,14,0,13
BRDA:158,14,1,0
BRDA:160,15,0,0
BRDA:160,15,1,0
BRDA:162,16,0,0
BRDA:162,16,1,0
BRDA:162,17,0,0
BRDA:162,17,1,0
BRDA:164,18,0,0
BRDA:164,18,1,0
BRDA:164,19,0,0
BRDA:164,19,1,0
BRDA:193,20,0,2
BRDA:193,20,1,0
BRDA:193,20,2,0
BRDA:193,20,3,0
BRDA:198,21,0,2
BRDA:198,21,1,0
BRDA:254,22,0,0
BRDA:254,22,1,0
BRDA:255,23,0,0
BRDA:255,23,1,0
BRDA:271,24,0,0
BRDA:271,24,1,0
BRDA:344,25,0,0
BRDA:344,25,1,0
BRDA:356,26,0,0
BRDA:356,26,1,0
BRDA:365,27,0,0
BRDA:365,27,1,0
BRDA:372,28,0,0
BRDA:372,28,1,0
BRDA:380,29,0,0
BRDA:380,29,1,0
BRDA:382,30,0,0
BRDA:382,30,1,0
BRDA:383,31,0,0
BRDA:383,31,1,0
BRDA:420,32,0,0
BRDA:420,32,1,0
BRDA:563,33,0,0
BRDA:563,33,1,0
BRDA:614,34,0,0
BRDA:614,34,1,2
BRF:72
BRH:22
end_of_record
TN:
SF:config\cloudinary.js
FN:33,(anonymous_0)
FN:34,(anonymous_1)
FNF:2
FNH:0
FNDA:0,(anonymous_0)
FNDA:0,(anonymous_1)
DA:12,2
DA:14,2
DA:15,2
DA:16,2
DA:20,2
DA:24,2
DA:25,0
DA:32,0
DA:33,0
DA:34,0
DA:36,2
DA:42,2
LF:12
LH:8
BRDA:20,0,0,2
BRDA:20,0,1,0
BRDA:20,0,2,0
BRDA:20,0,3,0
BRDA:20,0,4,0
BRDA:20,0,5,0
BRDA:24,1,0,0
BRDA:24,1,1,2
BRF:8
BRH:2
end_of_record
TN:
SF:config\database.js
FN:28,(anonymous_0)
FN:86,(anonymous_1)
FN:87,(anonymous_2)
FNF:3
FNH:1
FNDA:0,(anonymous_0)
FNDA:2,(anonymous_1)
FNDA:0,(anonymous_2)
DA:7,2
DA:8,2
DA:10,2
DA:12,2
DA:13,0
DA:14,0
DA:17,2
DA:19,2
DA:20,2
DA:23,2
DA:29,0
DA:30,0
DA:85,2
DA:86,2
DA:87,0
DA:89,2
LF:16
LH:11
BRDA:12,0,0,0
BRDA:12,0,1,2
BRDA:17,1,0,2
BRDA:17,1,1,0
BRDA:20,2,0,2
BRDA:20,2,1,0
BRDA:27,3,0,0
BRDA:27,3,1,2
BRDA:29,4,0,0
BRDA:29,4,1,0
BRDA:29,5,0,0
BRDA:29,5,1,0
BRDA:69,6,0,2
BRDA:69,6,1,0
BRF:14
BRH:5
end_of_record
TN:
SF:config\razorpay.js
FNF:0
FNH:0
DA:1,2
DA:3,2
DA:8,2
LF:3
LH:3
BRF:0
BRH:0
end_of_record
TN:
SF:config\redis.js
FN:30,(anonymous_0)
FN:34,(anonymous_1)
FN:51,(anonymous_2)
FN:55,(anonymous_3)
FN:59,(anonymous_4)
FN:63,(anonymous_5)
FN:67,(anonymous_6)
FNF:7
FNH:0
FNDA:0,(anonymous_0)
FNDA:0,(anonymous_1)
FNDA:0,(anonymous_2)
FNDA:0,(anonymous_3)
FNDA:0,(anonymous_4)
FNDA:0,(anonymous_5)
FNDA:0,(anonymous_6)
DA:14,2
DA:15,2
DA:18,2
DA:19,0
DA:20,0
DA:22,0
DA:28,0
DA:31,0
DA:32,0
DA:35,0
DA:36,0
DA:39,0
DA:40,0
DA:41,0
DA:44,2
DA:50,2
DA:52,0
DA:53,0
DA:56,0
DA:57,0
DA:60,0
DA:61,0
DA:64,0
DA:65,0
DA:67,0
DA:70,2
LF:26
LH:6
BRDA:18,0,0,0
BRDA:18,0,1,2
BRDA:18,1,0,2
BRDA:18,1,1,0
BRDA:52,2,0,0
BRDA:52,2,1,0
BRDA:56,3,0,0
BRDA:56,3,1,0
BRDA:60,4,0,0
BRDA:60,4,1,0
BRDA:64,5,0,0
BRDA:64,5,1,0
BRF:12
BRH:2
end_of_record
TN:
SF:controllers\admin.controller.js
FN:4,(anonymous_0)
FN:44,(anonymous_1)
FN:45,(anonymous_2)
FN:95,(anonymous_3)
FN:105,(anonymous_4)
FN:121,(anonymous_5)
FN:154,(anonymous_6)
FN:223,(anonymous_7)
FN:288,(anonymous_8)
FN:308,(anonymous_9)
FNF:10
FNH:0
FNDA:0,(anonymous_0)
FNDA:0,(anonymous_1)
FNDA:0,(anonymous_2)
FNDA:0,(anonymous_3)
FNDA:0,(anonymous_4)
FNDA:0,(anonymous_5)
FNDA:0,(anonymous_6)
FNDA:0,(anonymous_7)
FNDA:0,(anonymous_8)
FNDA:0,(anonymous_9)
DA:1,2
DA:2,2
DA:4,2
DA:5,0
DA:6,0
DA:9,0
DA:14,0
DA:19,0
DA:24,0
DA:32,0
DA:43,0
DA:44,0
DA:45,0
DA:48,0
DA:49,0
DA:50,0
DA:52,0
DA:63,0
DA:71,0
DA:87,0
DA:88,0
DA:95,2
DA:96,0
DA:97,0
DA:98,0
DA:100,0
DA:101,0
DA:105,2
DA:106,0
DA:107,0
DA:108,0
DA:110,0
DA:111,0
DA:118,2
DA:119,2
DA:121,2
DA:122,0
DA:123,0
DA:124,0
DA:125,0
DA:126,0
DA:134,0
DA:139,0
DA:140,0
DA:145,2
DA:154,2
DA:155,0
DA:156,0
DA:157,0
DA:158,0
DA:161,0
DA:165,0
DA:166,0
DA:169,0
DA:170,0
DA:174,0
DA:176,0
DA:177,0
DA:184,0
DA:185,0
DA:189,0
DA:190,0
DA:191,0
DA:192,0
DA:194,0
DA:207,0
DA:218,0
DA:219,0
DA:223,2
DA:224,0
DA:225,0
DA:226,0
DA:227,0
DA:229,0
DA:230,0
DA:234,0
DA:240,0
DA:241,0
DA:248,0
DA:249,0
DA:255,0
DA:256,0
DA:264,0
DA:265,0
DA:268,0
DA:269,0
DA:270,0
DA:272,0
DA:273,0
DA:278,0
DA:282,0
DA:283,0
DA:288,2
DA:289,0
DA:290,0
DA:291,0
DA:293,0
DA:298,0
DA:303,0
DA:304,0
DA:308,2
DA:309,0
DA:310,0
DA:311,0
DA:312,0
DA:314,0
DA:315,0
DA:319,0
DA:320,0
DA:324,0
DA:325,0
DA:328,0
DA:336,0
DA:339,0
DA:340,0
LF:115
LH:13
BRDA:44,0,0,0
BRDA:44,0,1,0
BRDA:45,1,0,0
BRDA:45,1,1,0
BRDA:49,2,0,0
BRDA:49,2,1,0
BRDA:50,3,0,0
BRDA:50,3,1,0
BRDA:123,4,0,0
BRDA:123,4,1,0
BRDA:156,5,0,0
BRDA:156,5,1,0
BRDA:165,6,0,0
BRDA:165,6,1,0
BRDA:165,7,0,0
BRDA:165,7,1,0
BRDA:174,8,0,0
BRDA:174,8,1,0
BRDA:176,9,0,0
BRDA:176,9,1,0
BRDA:184,10,0,0
BRDA:184,10,1,0
BRDA:184,11,0,0
BRDA:184,11,1,0
BRDA:184,11,2,0
BRDA:190,12,0,0
BRDA:190,12,1,0
BRDA:192,13,0,0
BRDA:192,13,1,0
BRDA:202,14,0,0
BRDA:202,14,1,0
BRDA:204,15,0,0
BRDA:204,15,1,0
BRDA:229,16,0,0
BRDA:229,16,1,0
BRDA:240,17,0,0
BRDA:240,17,1,0
BRDA:240,18,0,0
BRDA:240,18,1,0
BRDA:248,19,0,0
BRDA:248,19,1,0
BRDA:264,20,0,0
BRDA:264,20,1,0
BRDA:272,21,0,0
BRDA:272,21,1,0
BRDA:300,22,0,0
BRDA:300,22,1,0
BRDA:319,23,0,0
BRDA:319,23,1,0
BRDA:324,24,0,0
BRDA:324,24,1,0
BRDA:324,25,0,0
BRDA:324,25,1,0
BRDA:333,26,0,0
BRDA:333,26,1,0
BRF:55
BRH:0
end_of_record
TN:
SF:controllers\announcement.controller.js
FN:9,(anonymous_0)
FN:37,(anonymous_1)
FN:60,(anonymous_2)
FN:112,(anonymous_3)
FN:142,(anonymous_4)
FN:163,(anonymous_5)
FN:189,(anonymous_6)
FNF:7
FNH:0
FNDA:0,(anonymous_0)
FNDA:0,(anonymous_1)
FNDA:0,(anonymous_2)
FNDA:0,(anonymous_3)
FNDA:0,(anonymous_4)
FNDA:0,(anonymous_5)
FNDA:0,(anonymous_6)
DA:6,2
DA:7,2
DA:9,2
DA:10,0
DA:11,0
DA:12,0
DA:14,0
DA:24,0
DA:30,0
DA:37,2
DA:38,0
DA:39,0
DA:40,0
DA:42,0
DA:43,0
DA:45,0
DA:47,0
DA:51,0
DA:52,0
DA:54,0
DA:56,0
DA:60,0
DA:62,0
DA:63,0
DA:68,0
DA:69,0
DA:73,0
DA:91,0
DA:105,0
DA:112,2
DA:113,0
DA:114,0
DA:115,0
DA:117,0
DA:121,0
DA:122,0
DA:128,0
DA:130,0
DA:135,0
DA:142,2
DA:143,0
DA:144,0
DA:145,0
DA:147,0
DA:148,0
DA:149,0
DA:152,0
DA:153,0
DA:157,0
DA:158,0
DA:159,0
DA:163,0
DA:165,0
DA:166,0
DA:172,0
DA:175,0
DA:177,0
DA:182,0
DA:189,2
DA:190,0
DA:191,0
DA:192,0
DA:193,0
DA:194,0
DA:196,0
DA:201,0
DA:208,2
LF:67
LH:8
BRDA:18,0,0,0
BRDA:18,0,1,0
BRDA:19,1,0,0
BRDA:19,1,1,0
BRDA:21,2,0,0
BRDA:21,2,1,0
BRDA:39,3,0,0
BRDA:39,4,0,0
BRDA:45,5,0,0
BRDA:45,5,1,0
BRDA:51,6,0,0
BRDA:51,6,1,0
BRDA:54,7,0,0
BRDA:54,7,1,0
BRDA:60,8,0,0
BRDA:60,8,1,0
BRDA:60,9,0,0
BRDA:60,9,1,0
BRDA:68,10,0,0
BRDA:68,10,1,0
BRDA:121,11,0,0
BRDA:121,11,1,0
BRDA:148,12,0,0
BRDA:148,12,1,0
BRDA:152,13,0,0
BRDA:152,13,1,0
BRDA:158,14,0,0
BRDA:158,14,1,0
BRDA:163,15,0,0
BRDA:163,15,1,0
BRDA:163,16,0,0
BRDA:163,16,1,0
BRDA:192,17,0,0
BRDA:192,17,1,0
BRF:34
BRH:0
end_of_record
TN:
SF:controllers\assignment.controller.js
FN:16,destroyCloudinary
FN:28,calculateGrade
FN:40,ensureSettings
FN:52,(anonymous_3)
FN:92,(anonymous_4)
FN:106,(anonymous_5)
FN:122,(anonymous_6)
FN:141,(anonymous_7)
FN:160,(anonymous_8)
FN:189,(anonymous_9)
FN:211,(anonymous_10)
FN:225,(anonymous_11)
FN:238,(anonymous_12)
FN:261,(anonymous_13)
FN:278,(anonymous_14)
FN:280,(anonymous_15)
FN:307,(anonymous_16)
FN:338,(anonymous_17)
FN:373,(anonymous_18)
FN:382,(anonymous_19)
FN:383,(anonymous_20)
FN:399,(anonymous_21)
FN:417,(anonymous_22)
FN:424,(anonymous_23)
FN:455,(anonymous_24)
FN:513,(anonymous_25)
FN:562,(anonymous_26)
FN:582,(anonymous_27)
FN:607,(anonymous_28)
FN:639,(anonymous_29)
FN:656,(anonymous_30)
FN:667,(anonymous_31)
FN:677,(anonymous_32)
FN:679,(anonymous_33)
FN:679,(anonymous_34)
FN:699,(anonymous_35)
FN:722,(anonymous_36)
FN:722,(anonymous_37)
FN:731,(anonymous_38)
FN:750,(anonymous_39)
FN:760,(anonymous_40)
FN:775,(anonymous_41)
FN:786,(anonymous_42)
FN:787,(anonymous_43)
FN:803,(anonymous_44)
FNF:45
FNH:0
FNDA:0,destroyCloudinary
FNDA:0,calculateGrade
FNDA:0,ensureSettings
FNDA:0,(anonymous_3)
FNDA:0,(anonymous_4)
FNDA:0,(anonymous_5)
FNDA:0,(anonymous_6)
FNDA:0,(anonymous_7)
FNDA:0,(anonymous_8)
FNDA:0,(anonymous_9)
FNDA:0,(anonymous_10)
FNDA:0,(anonymous_11)
FNDA:0,(anonymous_12)
FNDA:0,(anonymous_13)
FNDA:0,(anonymous_14)
FNDA:0,(anonymous_15)
FNDA:0,(anonymous_16)
FNDA:0,(anonymous_17)
FNDA:0,(anonymous_18)
FNDA:0,(anonymous_19)
FNDA:0,(anonymous_20)
FNDA:0,(anonymous_21)
FNDA:0,(anonymous_22)
FNDA:0,(anonymous_23)
FNDA:0,(anonymous_24)
FNDA:0,(anonymous_25)
FNDA:0,(anonymous_26)
FNDA:0,(anonymous_27)
FNDA:0,(anonymous_28)
FNDA:0,(anonymous_29)
FNDA:0,(anonymous_30)
FNDA:0,(anonymous_31)
FNDA:0,(anonymous_32)
FNDA:0,(anonymous_33)
FNDA:0,(anonymous_34)
FNDA:0,(anonymous_35)
FNDA:0,(anonymous_36)
FNDA:0,(anonymous_37)
FNDA:0,(anonymous_38)
FNDA:0,(anonymous_39)
FNDA:0,(anonymous_40)
FNDA:0,(anonymous_41)
FNDA:0,(anonymous_42)
FNDA:0,(anonymous_43)
FNDA:0,(anonymous_44)
DA:11,2
DA:12,2
DA:13,2
DA:17,0
DA:18,0
DA:19,0
DA:20,0
DA:21,0
DA:29,0
DA:30,0
DA:31,0
DA:32,0
DA:33,0
DA:34,0
DA:35,0
DA:36,0
DA:37,0
DA:41,0
DA:45,0
DA:52,2
DA:53,0
DA:54,0
DA:55,0
DA:56,0
DA:58,0
DA:59,0
DA:62,0
DA:63,0
DA:64,0
DA:65,0
DA:66,0
DA:69,0
DA:86,0
DA:88,0
DA:92,2
DA:93,0
DA:94,0
DA:95,0
DA:97,0
DA:106,0
DA:107,0
DA:116,0
DA:121,0
DA:122,0
DA:123,0
DA:124,0
DA:125,0
DA:126,0
DA:127,0
DA:130,0
DA:131,0
DA:132,0
DA:135,0
DA:137,0
DA:141,2
DA:142,0
DA:143,0
DA:144,0
DA:145,0
DA:153,0
DA:154,0
DA:156,0
DA:160,2
DA:161,0
DA:162,0
DA:163,0
DA:164,0
DA:165,0
DA:167,0
DA:172,0
DA:173,0
DA:174,0
DA:175,0
DA:177,0
DA:181,0
DA:183,0
DA:185,0
DA:189,2
DA:190,0
DA:191,0
DA:192,0
DA:193,0
DA:194,0
DA:195,0
DA:196,0
DA:198,0
DA:199,0
DA:200,0
DA:201,0
DA:203,0
DA:205,0
DA:207,0
DA:211,2
DA:212,0
DA:213,0
DA:214,0
DA:215,0
DA:216,0
DA:217,0
DA:218,0
DA:219,0
DA:221,0
DA:225,2
DA:226,0
DA:227,0
DA:228,0
DA:229,0
DA:230,0
DA:231,0
DA:232,0
DA:234,0
DA:238,2
DA:239,0
DA:240,0
DA:241,0
DA:242,0
DA:243,0
DA:244,0
DA:245,0
DA:247,0
DA:248,0
DA:249,0
DA:251,0
DA:252,0
DA:254,0
DA:255,0
DA:257,0
DA:261,2
DA:262,0
DA:263,0
DA:264,0
DA:265,0
DA:266,0
DA:268,0
DA:276,0
DA:277,0
DA:278,0
DA:280,0
DA:281,0
DA:282,0
DA:301,0
DA:303,0
DA:307,2
DA:308,0
DA:309,0
DA:310,0
DA:311,0
DA:313,0
DA:314,0
DA:315,0
DA:316,0
DA:319,0
DA:320,0
DA:321,0
DA:323,0
DA:324,0
DA:325,0
DA:326,0
DA:329,0
DA:330,0
DA:332,0
DA:334,0
DA:338,2
DA:339,0
DA:340,0
DA:341,0
DA:342,0
DA:344,0
DA:345,0
DA:347,0
DA:348,0
DA:349,0
DA:350,0
DA:354,0
DA:362,0
DA:363,0
DA:365,0
DA:373,2
DA:374,0
DA:375,0
DA:376,0
DA:380,0
DA:382,0
DA:383,0
DA:385,0
DA:386,0
DA:388,0
DA:399,0
DA:400,0
DA:401,0
DA:402,0
DA:403,0
DA:404,0
DA:405,0
DA:406,0
DA:407,0
DA:408,0
DA:411,0
DA:413,0
DA:417,2
DA:418,0
DA:419,0
DA:420,0
DA:421,0
DA:422,0
DA:424,0
DA:426,0
DA:435,0
DA:437,0
DA:438,0
DA:439,0
DA:440,0
DA:441,0
DA:442,0
DA:443,0
DA:444,0
DA:445,0
DA:447,0
DA:449,0
DA:451,0
DA:455,2
DA:456,0
DA:457,0
DA:458,0
DA:459,0
DA:460,0
DA:462,0
DA:463,0
DA:464,0
DA:465,0
DA:466,0
DA:469,0
DA:470,0
DA:471,0
DA:474,0
DA:475,0
DA:476,0
DA:477,0
DA:479,0
DA:481,0
DA:482,0
DA:483,0
DA:485,0
DA:486,0
DA:490,0
DA:491,0
DA:506,0
DA:507,0
DA:509,0
DA:513,2
DA:514,0
DA:515,0
DA:516,0
DA:517,0
DA:518,0
DA:520,0
DA:521,0
DA:522,0
DA:524,0
DA:525,0
DA:526,0
DA:527,0
DA:530,0
DA:531,0
DA:532,0
DA:535,0
DA:536,0
DA:537,0
DA:538,0
DA:540,0
DA:552,0
DA:554,0
DA:562,2
DA:563,0
DA:564,0
DA:565,0
DA:566,0
DA:567,0
DA:568,0
DA:569,0
DA:570,0
DA:572,0
DA:582,0
DA:583,0
DA:584,0
DA:585,0
DA:586,0
DA:590,0
DA:594,0
DA:595,0
DA:596,0
DA:597,0
DA:598,0
DA:601,0
DA:603,0
DA:607,2
DA:608,0
DA:609,0
DA:610,0
DA:611,0
DA:612,0
DA:613,0
DA:614,0
DA:616,0
DA:620,0
DA:622,0
DA:635,0
DA:639,2
DA:640,0
DA:641,0
DA:642,0
DA:650,0
DA:652,0
DA:656,2
DA:657,0
DA:658,0
DA:659,0
DA:662,0
DA:667,0
DA:668,0
DA:676,0
DA:677,0
DA:679,0
DA:685,0
DA:686,0
DA:693,0
DA:695,0
DA:699,2
DA:700,0
DA:701,0
DA:702,0
DA:713,0
DA:714,0
DA:715,0
DA:722,0
DA:723,0
DA:724,0
DA:725,0
DA:727,0
DA:731,2
DA:732,0
DA:733,0
DA:734,0
DA:735,0
DA:736,0
DA:738,0
DA:744,0
DA:746,0
DA:750,2
DA:751,0
DA:752,0
DA:753,0
DA:754,0
DA:756,0
DA:760,2
DA:761,0
DA:762,0
DA:763,0
DA:764,0
DA:765,0
DA:767,0
DA:775,2
DA:776,0
DA:777,0
DA:778,0
DA:780,0
DA:784,0
DA:786,0
DA:787,0
DA:789,0
DA:790,0
DA:792,0
DA:803,0
DA:804,0
DA:805,0
DA:806,0
DA:807,0
DA:808,0
DA:809,0
DA:810,0
DA:811,0
DA:814,0
DA:816,0
LF:383
LH:27
BRDA:16,0,0,0
BRDA:17,1,0,0
BRDA:17,1,1,0
BRDA:17,2,0,0
BRDA:17,2,1,0
BRDA:19,3,0,0
BRDA:19,3,1,0
BRDA:20,4,0,0
BRDA:20,4,1,0
BRDA:29,5,0,0
BRDA:29,5,1,0
BRDA:29,6,0,0
BRDA:29,6,1,0
BRDA:31,7,0,0
BRDA:31,7,1,0
BRDA:32,8,0,0
BRDA:32,8,1,0
BRDA:33,9,0,0
BRDA:33,9,1,0
BRDA:34,10,0,0
BRDA:34,10,1,0
BRDA:35,11,0,0
BRDA:35,11,1,0
BRDA:36,12,0,0
BRDA:36,12,1,0
BRDA:58,13,0,0
BRDA:58,13,1,0
BRDA:58,14,0,0
BRDA:58,14,1,0
BRDA:64,15,0,0
BRDA:64,15,1,0
BRDA:78,16,0,0
BRDA:78,16,1,0
BRDA:79,17,0,0
BRDA:79,17,1,0
BRDA:80,18,0,0
BRDA:80,18,1,0
BRDA:80,19,0,0
BRDA:80,19,1,0
BRDA:81,20,0,0
BRDA:81,20,1,0
BRDA:125,21,0,0
BRDA:125,21,1,0
BRDA:126,22,0,0
BRDA:126,22,1,0
BRDA:127,23,0,0
BRDA:127,23,1,0
BRDA:153,24,0,0
BRDA:153,24,1,0
BRDA:165,25,0,0
BRDA:165,25,1,0
BRDA:181,26,0,0
BRDA:181,26,1,0
BRDA:194,27,0,0
BRDA:194,27,1,0
BRDA:195,28,0,0
BRDA:195,28,1,0
BRDA:195,29,0,0
BRDA:195,29,1,0
BRDA:199,30,0,0
BRDA:199,30,1,0
BRDA:216,31,0,0
BRDA:216,31,1,0
BRDA:217,32,0,0
BRDA:217,32,1,0
BRDA:230,33,0,0
BRDA:230,33,1,0
BRDA:243,34,0,0
BRDA:243,34,1,0
BRDA:244,35,0,0
BRDA:244,35,1,0
BRDA:244,36,0,0
BRDA:244,36,1,0
BRDA:247,37,0,0
BRDA:247,37,1,0
BRDA:249,38,0,0
BRDA:249,38,1,0
BRDA:251,39,0,0
BRDA:251,39,1,0
BRDA:266,40,0,0
BRDA:266,40,1,0
BRDA:283,41,0,0
BRDA:283,41,1,0
BRDA:286,42,0,0
BRDA:286,42,1,0
BRDA:287,43,0,0
BRDA:287,43,1,0
BRDA:288,44,0,0
BRDA:288,44,1,0
BRDA:289,45,0,0
BRDA:289,45,1,0
BRDA:290,46,0,0
BRDA:290,46,1,0
BRDA:291,47,0,0
BRDA:291,47,1,0
BRDA:292,48,0,0
BRDA:292,48,1,0
BRDA:293,49,0,0
BRDA:293,49,1,0
BRDA:294,50,0,0
BRDA:294,50,1,0
BRDA:295,51,0,0
BRDA:295,51,1,0
BRDA:296,52,0,0
BRDA:296,52,1,0
BRDA:297,53,0,0
BRDA:297,53,1,0
BRDA:314,54,0,0
BRDA:314,54,1,0
BRDA:315,55,0,0
BRDA:315,55,1,0
BRDA:315,56,0,0
BRDA:315,56,1,0
BRDA:320,57,0,0
BRDA:320,57,1,0
BRDA:321,58,0,0
BRDA:321,58,1,0
BRDA:325,59,0,0
BRDA:325,59,1,0
BRDA:325,60,0,0
BRDA:325,60,1,0
BRDA:325,60,2,0
BRDA:329,61,0,0
BRDA:329,61,1,0
BRDA:345,62,0,0
BRDA:345,62,1,0
BRDA:348,63,0,0
BRDA:348,63,1,0
BRDA:349,64,0,0
BRDA:349,64,1,0
BRDA:359,65,0,0
BRDA:359,65,1,0
BRDA:380,66,0,0
BRDA:380,66,1,0
BRDA:382,67,0,0
BRDA:382,67,1,0
BRDA:383,68,0,0
BRDA:383,68,1,0
BRDA:386,69,0,0
BRDA:386,69,1,0
BRDA:406,70,0,0
BRDA:406,70,1,0
BRDA:406,71,0,0
BRDA:406,71,1,0
BRDA:422,72,0,0
BRDA:422,72,1,0
BRDA:424,73,0,0
BRDA:424,73,1,0
BRDA:435,74,0,0
BRDA:435,74,1,0
BRDA:443,75,0,0
BRDA:443,75,1,0
BRDA:443,76,0,0
BRDA:443,76,1,0
BRDA:444,77,0,0
BRDA:444,77,1,0
BRDA:460,78,0,0
BRDA:460,78,1,0
BRDA:463,79,0,0
BRDA:463,79,1,0
BRDA:464,80,0,0
BRDA:464,80,1,0
BRDA:465,81,0,0
BRDA:465,81,1,0
BRDA:465,82,0,0
BRDA:465,82,1,0
BRDA:470,83,0,0
BRDA:470,83,1,0
BRDA:477,84,0,0
BRDA:477,84,1,0
BRDA:481,85,0,0
BRDA:481,85,1,0
BRDA:482,86,0,0
BRDA:482,86,1,0
BRDA:485,87,0,0
BRDA:485,87,1,0
BRDA:490,88,0,0
BRDA:490,88,1,0
BRDA:502,89,0,0
BRDA:502,89,1,0
BRDA:518,90,0,0
BRDA:518,90,1,0
BRDA:521,91,0,0
BRDA:521,91,1,0
BRDA:522,92,0,0
BRDA:522,92,1,0
BRDA:525,93,0,0
BRDA:525,93,1,0
BRDA:526,94,0,0
BRDA:526,94,1,0
BRDA:531,95,0,0
BRDA:531,95,1,0
BRDA:538,96,0,0
BRDA:538,96,1,0
BRDA:548,97,0,0
BRDA:548,97,1,0
BRDA:567,98,0,0
BRDA:567,98,1,0
BRDA:568,99,0,0
BRDA:568,99,1,0
BRDA:569,100,0,0
BRDA:569,100,1,0
BRDA:570,101,0,0
BRDA:570,101,1,0
BRDA:597,102,0,0
BRDA:597,102,1,0
BRDA:620,103,0,0
BRDA:620,103,1,0
BRDA:631,104,0,0
BRDA:631,104,1,0
BRDA:685,105,0,0
BRDA:685,105,1,0
BRDA:716,106,0,0
BRDA:716,106,1,0
BRDA:716,107,0,0
BRDA:716,107,1,0
BRDA:717,108,0,0
BRDA:717,108,1,0
BRDA:736,109,0,0
BRDA:736,109,1,0
BRDA:784,110,0,0
BRDA:784,110,1,0
BRDA:786,111,0,0
BRDA:786,111,1,0
BRDA:787,112,0,0
BRDA:787,112,1,0
BRDA:790,113,0,0
BRDA:790,113,1,0
BRDA:809,114,0,0
BRDA:809,114,1,0
BRDA:809,115,0,0
BRDA:809,115,1,0
BRF:232
BRH:0
end_of_record
TN:
SF:controllers\attendance.controller.js
FN:15,(anonymous_0)
FN:91,(anonymous_1)
FN:150,(anonymous_2)
FN:162,(anonymous_3)
FN:166,(anonymous_4)
FN:180,(anonymous_5)
FN:181,(anonymous_6)
FN:182,(anonymous_7)
FN:183,(anonymous_8)
FN:200,(anonymous_9)
FN:244,(anonymous_10)
FN:257,(anonymous_11)
FN:258,(anonymous_12)
FN:260,(anonymous_13)
FN:262,(anonymous_14)
FN:267,(anonymous_15)
FN:278,(anonymous_16)
FN:279,(anonymous_17)
FN:304,(anonymous_18)
FN:350,(anonymous_19)
FN:392,(anonymous_20)
FN:394,(anonymous_21)
FN:395,(anonymous_22)
FN:396,(anonymous_23)
FN:428,(anonymous_24)
FN:447,(anonymous_25)
FN:453,(anonymous_26)
FN:455,(anonymous_27)
FN:465,(anonymous_28)
FN:466,(anonymous_29)
FN:473,(anonymous_30)
FN:478,(anonymous_31)
FN:493,(anonymous_32)
FN:507,(anonymous_33)
FN:508,(anonymous_34)
FN:529,(anonymous_35)
FN:530,(anonymous_36)
FN:546,(anonymous_37)
FN:548,(anonymous_38)
FN:624,(anonymous_39)
FN:658,(anonymous_40)
FN:711,(anonymous_41)
FN:747,(anonymous_42)
FN:775,(anonymous_43)
FN:879,(anonymous_44)
FNF:45
FNH:0
FNDA:0,(anonymous_0)
FNDA:0,(anonymous_1)
FNDA:0,(anonymous_2)
FNDA:0,(anonymous_3)
FNDA:0,(anonymous_4)
FNDA:0,(anonymous_5)
FNDA:0,(anonymous_6)
FNDA:0,(anonymous_7)
FNDA:0,(anonymous_8)
FNDA:0,(anonymous_9)
FNDA:0,(anonymous_10)
FNDA:0,(anonymous_11)
FNDA:0,(anonymous_12)
FNDA:0,(anonymous_13)
FNDA:0,(anonymous_14)
FNDA:0,(anonymous_15)
FNDA:0,(anonymous_16)
FNDA:0,(anonymous_17)
FNDA:0,(anonymous_18)
FNDA:0,(anonymous_19)
FNDA:0,(anonymous_20)
FNDA:0,(anonymous_21)
FNDA:0,(anonymous_22)
FNDA:0,(anonymous_23)
FNDA:0,(anonymous_24)
FNDA:0,(anonymous_25)
FNDA:0,(anonymous_26)
FNDA:0,(anonymous_27)
FNDA:0,(anonymous_28)
FNDA:0,(anonymous_29)
FNDA:0,(anonymous_30)
FNDA:0,(anonymous_31)
FNDA:0,(anonymous_32)
FNDA:0,(anonymous_33)
FNDA:0,(anonymous_34)
FNDA:0,(anonymous_35)
FNDA:0,(anonymous_36)
FNDA:0,(anonymous_37)
FNDA:0,(anonymous_38)
FNDA:0,(anonymous_39)
FNDA:0,(anonymous_40)
FNDA:0,(anonymous_41)
FNDA:0,(anonymous_42)
FNDA:0,(anonymous_43)
FNDA:0,(anonymous_44)
DA:6,2
DA:7,2
DA:8,2
DA:15,2
DA:16,0
DA:17,0
DA:18,0
DA:19,0
DA:22,0
DA:23,0
DA:24,0
DA:26,0
DA:27,0
DA:33,0
DA:35,0
DA:36,0
DA:38,0
DA:48,0
DA:50,0
DA:55,0
DA:58,0
DA:68,0
DA:72,0
DA:78,0
DA:79,0
DA:91,2
DA:92,0
DA:93,0
DA:94,0
DA:96,0
DA:98,0
DA:116,0
DA:130,0
DA:131,0
DA:132,0
DA:142,0
DA:148,0
DA:149,0
DA:150,0
DA:153,0
DA:156,0
DA:161,0
DA:162,0
DA:163,0
DA:166,0
DA:174,0
DA:180,0
DA:181,0
DA:182,0
DA:183,0
DA:187,0
DA:188,0
DA:200,2
DA:201,0
DA:202,0
DA:203,0
DA:204,0
DA:206,0
DA:207,0
DA:210,0
DA:213,0
DA:226,0
DA:227,0
DA:236,0
DA:242,0
DA:243,0
DA:244,0
DA:247,0
DA:257,0
DA:258,0
DA:259,0
DA:260,0
DA:261,0
DA:262,0
DA:263,0
DA:266,0
DA:267,0
DA:268,0
DA:271,0
DA:278,0
DA:279,0
DA:286,0
DA:291,0
DA:292,0
DA:304,2
DA:305,0
DA:306,0
DA:307,0
DA:308,0
DA:310,0
DA:314,0
DA:315,0
DA:322,0
DA:323,0
DA:324,0
DA:330,0
DA:332,0
DA:338,0
DA:350,2
DA:351,0
DA:352,0
DA:353,0
DA:354,0
DA:357,0
DA:358,0
DA:359,0
DA:360,0
DA:361,0
DA:362,0
DA:363,0
DA:366,0
DA:367,0
DA:368,0
DA:371,0
DA:372,0
DA:375,0
DA:391,0
DA:392,0
DA:393,0
DA:394,0
DA:395,0
DA:396,0
DA:397,0
DA:399,0
DA:416,0
DA:428,2
DA:429,0
DA:430,0
DA:431,0
DA:432,0
DA:434,0
DA:435,0
DA:436,0
DA:439,0
DA:447,0
DA:448,0
DA:452,0
DA:453,0
DA:454,0
DA:455,0
DA:456,0
DA:458,0
DA:465,0
DA:466,0
DA:473,0
DA:475,0
DA:478,0
DA:481,0
DA:493,2
DA:494,0
DA:495,0
DA:496,0
DA:498,0
DA:501,0
DA:505,0
DA:507,0
DA:508,0
DA:509,0
DA:510,0
DA:511,0
DA:514,0
DA:515,0
DA:516,0
DA:518,0
DA:520,0
DA:527,0
DA:529,0
DA:530,0
DA:531,0
DA:532,0
DA:533,0
DA:536,0
DA:537,0
DA:539,0
DA:541,0
DA:542,0
DA:545,0
DA:546,0
DA:547,0
DA:548,0
DA:549,0
DA:551,0
DA:552,0
DA:561,0
DA:562,0
DA:563,0
DA:564,0
DA:565,0
DA:566,0
DA:571,0
DA:572,0
DA:580,0
DA:581,0
DA:592,0
DA:611,0
DA:612,0
DA:624,2
DA:625,0
DA:626,0
DA:627,0
DA:629,0
DA:633,0
DA:634,0
DA:640,0
DA:642,0
DA:647,0
DA:658,2
DA:659,0
DA:660,0
DA:661,0
DA:662,0
DA:665,0
DA:675,0
DA:676,0
DA:684,0
DA:685,0
DA:687,0
DA:696,0
DA:706,0
DA:707,0
DA:711,2
DA:712,0
DA:713,0
DA:714,0
DA:716,0
DA:722,0
DA:723,0
DA:725,0
DA:728,0
DA:733,0
DA:734,0
DA:737,0
DA:742,0
DA:743,0
DA:747,2
DA:748,0
DA:749,0
DA:750,0
DA:752,0
DA:756,0
DA:757,0
DA:760,0
DA:765,0
DA:770,0
DA:771,0
DA:775,2
DA:776,0
DA:777,0
DA:778,0
DA:779,0
DA:782,0
DA:783,0
DA:784,0
DA:786,0
DA:789,0
DA:798,0
DA:799,0
DA:803,0
DA:804,0
DA:805,0
DA:811,0
DA:812,0
DA:817,0
DA:819,0
DA:820,0
DA:826,0
DA:827,0
DA:834,0
DA:837,0
DA:838,0
DA:845,0
DA:855,0
DA:856,0
DA:860,0
DA:871,0
DA:874,0
DA:875,0
DA:879,2
DA:880,0
DA:881,0
DA:882,0
DA:883,0
DA:885,0
DA:886,0
DA:889,0
DA:892,0
DA:893,0
DA:894,0
DA:898,0
DA:899,0
DA:900,0
DA:903,0
DA:904,0
DA:906,0
DA:907,0
DA:908,0
DA:911,0
DA:912,0
DA:914,0
DA:915,0
DA:916,0
DA:917,0
DA:918,0
DA:921,0
DA:922,0
DA:925,0
DA:929,0
DA:932,0
DA:933,0
DA:937,0
DA:947,0
DA:948,0
DA:949,0
DA:952,0
DA:953,0
DA:957,0
DA:968,0
DA:970,0
DA:973,0
DA:974,0
DA:978,2
LF:321
LH:17
BRDA:26,0,0,0
BRDA:26,0,1,0
BRDA:36,1,0,0
BRDA:36,1,1,0
BRDA:43,2,0,0
BRDA:43,2,1,0
BRDA:48,3,0,0
BRDA:48,3,1,0
BRDA:52,4,0,0
BRDA:52,4,1,0
BRDA:62,5,0,0
BRDA:62,5,1,0
BRDA:65,6,0,0
BRDA:65,6,1,0
BRDA:130,7,0,0
BRDA:130,7,1,0
BRDA:130,8,0,0
BRDA:130,8,1,0
BRDA:130,8,2,0
BRDA:149,9,0,0
BRDA:149,9,1,0
BRDA:149,10,0,0
BRDA:149,10,1,0
BRDA:149,10,2,0
BRDA:150,11,0,0
BRDA:150,11,1,0
BRDA:150,11,2,0
BRDA:171,12,0,0
BRDA:171,12,1,0
BRDA:206,13,0,0
BRDA:206,13,1,0
BRDA:206,14,0,0
BRDA:206,14,1,0
BRDA:206,14,2,0
BRDA:206,14,3,0
BRDA:226,15,0,0
BRDA:226,15,1,0
BRDA:226,16,0,0
BRDA:226,16,1,0
BRDA:226,16,2,0
BRDA:243,17,0,0
BRDA:243,17,1,0
BRDA:243,18,0,0
BRDA:243,18,1,0
BRDA:243,18,2,0
BRDA:244,19,0,0
BRDA:244,19,1,0
BRDA:244,19,2,0
BRDA:263,20,0,0
BRDA:263,20,1,0
BRDA:314,21,0,0
BRDA:314,21,1,0
BRDA:323,22,0,0
BRDA:323,22,1,0
BRDA:323,23,0,0
BRDA:323,23,1,0
BRDA:358,24,0,0
BRDA:358,24,1,0
BRDA:358,25,0,0
BRDA:358,25,1,0
BRDA:360,26,0,0
BRDA:360,26,1,0
BRDA:360,27,0,0
BRDA:360,27,1,0
BRDA:367,28,0,0
BRDA:367,28,1,0
BRDA:371,29,0,0
BRDA:371,29,1,0
BRDA:397,30,0,0
BRDA:397,30,1,0
BRDA:435,31,0,0
BRDA:435,31,1,0
BRDA:435,32,0,0
BRDA:435,32,1,0
BRDA:456,33,0,0
BRDA:456,33,1,0
BRDA:496,34,0,0
BRDA:496,34,1,0
BRDA:511,35,0,0
BRDA:511,35,1,0
BRDA:533,36,0,0
BRDA:533,36,1,0
BRDA:549,37,0,0
BRDA:549,37,1,0
BRDA:551,38,0,0
BRDA:551,38,1,0
BRDA:551,39,0,0
BRDA:551,39,1,0
BRDA:562,40,0,0
BRDA:562,40,1,0
BRDA:565,41,0,0
BRDA:565,41,1,0
BRDA:580,42,0,0
BRDA:580,42,1,0
BRDA:580,43,0,0
BRDA:580,43,1,0
BRDA:583,44,0,0
BRDA:583,44,1,0
BRDA:633,45,0,0
BRDA:633,45,1,0
BRDA:668,46,0,0
BRDA:668,46,1,0
BRDA:675,47,0,0
BRDA:675,47,1,0
BRDA:690,48,0,0
BRDA:690,48,1,0
BRDA:722,49,0,0
BRDA:722,49,1,0
BRDA:733,50,0,0
BRDA:733,50,1,0
BRDA:756,51,0,0
BRDA:756,51,1,0
BRDA:783,52,0,0
BRDA:783,52,1,0
BRDA:798,53,0,0
BRDA:798,53,1,0
BRDA:803,54,0,0
BRDA:803,54,1,0
BRDA:803,55,0,0
BRDA:803,55,1,0
BRDA:811,56,0,0
BRDA:811,56,1,0
BRDA:817,57,0,0
BRDA:817,57,1,0
BRDA:826,58,0,0
BRDA:826,58,1,0
BRDA:834,59,0,0
BRDA:834,59,1,0
BRDA:837,60,0,0
BRDA:837,60,1,0
BRDA:837,61,0,0
BRDA:837,61,1,0
BRDA:850,62,0,0
BRDA:850,62,1,0
BRDA:855,63,0,0
BRDA:855,63,1,0
BRDA:864,64,0,0
BRDA:864,64,1,0
BRDA:885,65,0,0
BRDA:885,65,1,0
BRDA:885,66,0,0
BRDA:885,66,1,0
BRDA:893,67,0,0
BRDA:893,67,1,0
BRDA:898,68,0,0
BRDA:898,68,1,0
BRDA:898,69,0,0
BRDA:898,69,1,0
BRDA:903,70,0,0
BRDA:903,70,1,0
BRDA:906,71,0,0
BRDA:906,71,1,0
BRDA:911,72,0,0
BRDA:911,72,1,0
BRDA:914,73,0,0
BRDA:914,73,1,0
BRDA:914,74,0,0
BRDA:914,74,1,0
BRDA:917,75,0,0
BRDA:917,75,1,0
BRDA:921,76,0,0
BRDA:921,76,1,0
BRDA:929,77,0,0
BRDA:929,77,1,0
BRDA:932,78,0,0
BRDA:932,78,1,0
BRDA:932,79,0,0
BRDA:932,79,1,0
BRDA:942,80,0,0
BRDA:942,80,1,0
BRDA:947,81,0,0
BRDA:947,81,1,0
BRDA:948,82,0,0
BRDA:948,82,1,0
BRDA:949,83,0,0
BRDA:949,83,1,0
BRDA:953,84,0,0
BRDA:953,84,1,0
BRDA:961,85,0,0
BRDA:961,85,1,0
BRDA:970,86,0,0
BRDA:970,86,1,0
BRF:182
BRH:0
end_of_record
TN:
SF:controllers\auth.controller.js
FN:16,(anonymous_0)
FN:23,(anonymous_1)
FN:32,(anonymous_2)
FN:50,(anonymous_3)
FN:83,(anonymous_4)
FN:188,(anonymous_5)
FN:287,(anonymous_6)
FN:313,(anonymous_7)
FN:320,(anonymous_8)
FN:335,(anonymous_9)
FN:357,(anonymous_10)
FN:374,(anonymous_11)
FN:389,(anonymous_12)
FN:414,(anonymous_13)
FN:472,(anonymous_14)
FN:540,(anonymous_15)
FN:587,(anonymous_16)
FN:629,(anonymous_17)
FN:704,(anonymous_18)
FN:755,(anonymous_19)
FNF:20
FNH:6
FNDA:1,(anonymous_0)
FNDA:0,(anonymous_1)
FNDA:0,(anonymous_2)
FNDA:0,(anonymous_3)
FNDA:0,(anonymous_4)
FNDA:2,(anonymous_5)
FNDA:0,(anonymous_6)
FNDA:0,(anonymous_7)
FNDA:0,(anonymous_8)
FNDA:0,(anonymous_9)
FNDA:0,(anonymous_10)
FNDA:0,(anonymous_11)
FNDA:0,(anonymous_12)
FNDA:1,(anonymous_13)
FNDA:1,(anonymous_14)
FNDA:0,(anonymous_15)
FNDA:0,(anonymous_16)
FNDA:0,(anonymous_17)
FNDA:3,(anonymous_18)
FNDA:1,(anonymous_19)
DA:1,2
DA:2,2
DA:3,2
DA:4,2
DA:5,2
DA:6,2
DA:7,2
DA:8,2
DA:9,2
DA:12,2
DA:16,2
DA:23,2
DA:24,0
DA:32,2
DA:33,0
DA:34,0
DA:35,0
DA:37,0
DA:38,0
DA:50,2
DA:51,0
DA:52,0
DA:53,0
DA:54,0
DA:56,0
DA:62,0
DA:71,0
DA:72,0
DA:83,2
DA:84,0
DA:85,0
DA:88,0
DA:91,0
DA:92,0
DA:97,0
DA:100,0
DA:101,0
DA:108,0
DA:109,0
DA:110,0
DA:117,0
DA:118,0
DA:125,0
DA:126,0
DA:127,0
DA:133,0
DA:146,0
DA:148,0
DA:167,0
DA:170,0
DA:171,0
DA:177,0
DA:188,2
DA:189,2
DA:190,2
DA:192,2
DA:193,0
DA:199,2
DA:202,1
DA:203,1
DA:206,1
DA:214,1
DA:216,1
DA:219,1
DA:220,0
DA:221,0
DA:225,0
DA:226,0
DA:233,1
DA:234,1
DA:235,1
DA:236,1
DA:240,1
DA:241,1
DA:242,1
DA:243,1
DA:247,1
DA:251,1
DA:279,1
DA:280,1
DA:287,2
DA:288,0
DA:289,0
DA:290,0
DA:292,0
DA:295,0
DA:296,0
DA:301,0
DA:306,0
DA:313,2
DA:314,0
DA:320,2
DA:321,0
DA:322,0
DA:323,0
DA:328,0
DA:335,2
DA:336,0
DA:337,0
DA:338,0
DA:340,0
DA:346,0
DA:357,2
DA:358,0
DA:359,0
DA:360,0
DA:361,0
DA:368,0
DA:370,0
DA:374,2
DA:375,0
DA:376,0
DA:377,0
DA:379,0
DA:380,0
DA:382,0
DA:383,0
DA:385,0
DA:389,0
DA:390,0
DA:391,0
DA:395,0
DA:396,0
DA:402,0
DA:414,2
DA:415,1
DA:416,1
DA:419,1
DA:420,0
DA:424,1
DA:425,1
DA:426,0
DA:432,1
DA:433,1
DA:436,1
DA:439,1
DA:440,1
DA:441,1
DA:450,0
DA:451,0
DA:453,0
DA:454,0
DA:457,0
DA:463,0
DA:464,0
DA:472,2
DA:473,1
DA:474,1
DA:476,1
DA:477,0
DA:480,1
DA:481,1
DA:485,1
DA:500,1
DA:503,1
DA:506,1
DA:508,1
DA:528,0
DA:529,0
DA:530,0
DA:532,0
DA:540,2
DA:541,0
DA:542,0
DA:543,0
DA:545,0
DA:547,0
DA:548,0
DA:549,0
DA:551,0
DA:554,0
DA:555,0
DA:558,0
DA:559,0
DA:560,0
DA:569,0
DA:570,0
DA:572,0
DA:573,0
DA:576,0
DA:578,0
DA:579,0
DA:587,2
DA:588,0
DA:589,0
DA:591,0
DA:592,0
DA:594,0
DA:595,0
DA:597,0
DA:598,0
DA:601,0
DA:602,0
DA:604,0
DA:605,0
DA:608,0
DA:609,0
DA:610,0
DA:611,0
DA:614,0
DA:616,0
DA:618,0
DA:620,0
DA:621,0
DA:629,2
DA:630,0
DA:631,0
DA:632,0
DA:633,0
DA:635,0
DA:636,0
DA:640,0
DA:645,0
DA:646,0
DA:647,0
DA:654,0
DA:656,0
DA:658,0
DA:660,0
DA:663,0
DA:666,0
DA:667,0
DA:668,0
DA:679,0
DA:680,0
DA:682,0
DA:683,0
DA:686,0
DA:694,0
DA:695,0
DA:704,2
DA:705,3
DA:706,3
DA:708,3
DA:709,0
DA:713,3
DA:714,3
DA:719,3
DA:720,2
DA:724,1
DA:725,0
DA:726,0
DA:730,1
DA:731,1
DA:732,0
DA:733,0
DA:737,1
DA:739,1
DA:746,0
DA:747,0
DA:755,2
DA:756,1
DA:757,1
DA:759,1
DA:764,1
DA:769,0
DA:770,0
LF:257
LH:88
BRDA:16,0,0,1
BRDA:16,0,1,0
BRDA:34,1,0,0
BRDA:34,1,1,0
BRDA:37,2,0,0
BRDA:37,2,1,0
BRDA:40,3,0,0
BRDA:40,3,1,0
BRDA:53,4,0,0
BRDA:53,4,1,0
BRDA:53,5,0,0
BRDA:53,5,1,0
BRDA:74,6,0,0
BRDA:74,6,1,0
BRDA:88,7,0,0
BRDA:88,7,1,0
BRDA:91,8,0,0
BRDA:91,8,1,0
BRDA:91,9,0,0
BRDA:91,9,1,0
BRDA:100,10,0,0
BRDA:100,10,1,0
BRDA:100,11,0,0
BRDA:100,11,1,0
BRDA:100,11,2,0
BRDA:100,11,3,0
BRDA:100,11,4,0
BRDA:109,12,0,0
BRDA:109,12,1,0
BRDA:117,13,0,0
BRDA:117,13,1,0
BRDA:126,14,0,0
BRDA:126,14,1,0
BRDA:170,15,0,0
BRDA:170,15,1,0
BRDA:170,16,0,0
BRDA:170,16,1,0
BRDA:179,17,0,0
BRDA:179,17,1,0
BRDA:192,18,0,0
BRDA:192,18,1,2
BRDA:192,19,0,2
BRDA:192,19,1,2
BRDA:210,20,0,1
BRDA:210,20,1,1
BRDA:219,21,0,0
BRDA:219,21,1,1
BRDA:219,22,0,1
BRDA:219,22,1,0
BRDA:219,22,2,0
BRDA:221,23,0,0
BRDA:221,23,1,0
BRDA:221,24,0,0
BRDA:221,24,1,0
BRDA:225,25,0,0
BRDA:225,25,1,0
BRDA:233,26,0,1
BRDA:233,26,1,0
BRDA:233,27,0,1
BRDA:233,27,1,1
BRDA:240,28,0,1
BRDA:240,28,1,1
BRDA:241,29,0,1
BRDA:241,29,1,0
BRDA:247,30,0,1
BRDA:247,30,1,1
BRDA:270,31,0,1
BRDA:270,31,1,1
BRDA:273,32,0,1
BRDA:273,32,1,1
BRDA:274,33,0,1
BRDA:274,33,1,0
BRDA:275,34,0,1
BRDA:275,34,1,0
BRDA:282,35,0,1
BRDA:282,35,1,0
BRDA:363,36,0,0
BRDA:363,36,1,0
BRDA:364,37,0,0
BRDA:364,37,1,0
BRDA:377,38,0,0
BRDA:377,38,1,0
BRDA:390,39,0,0
BRDA:390,39,1,0
BRDA:395,40,0,0
BRDA:395,40,1,0
BRDA:399,41,0,0
BRDA:399,41,1,0
BRDA:402,42,0,0
BRDA:402,42,1,0
BRDA:419,43,0,0
BRDA:419,43,1,1
BRDA:419,44,0,1
BRDA:419,44,1,1
BRDA:419,44,2,1
BRDA:419,44,3,1
BRDA:419,44,4,1
BRDA:425,45,0,0
BRDA:425,45,1,1
BRDA:425,46,0,1
BRDA:425,46,1,0
BRDA:436,47,0,0
BRDA:436,47,1,1
BRDA:439,48,0,1
BRDA:439,48,1,0
BRDA:464,49,0,0
BRDA:464,49,1,0
BRDA:476,50,0,0
BRDA:476,50,1,1
BRDA:476,51,0,1
BRDA:476,51,1,1
BRDA:481,52,0,0
BRDA:481,52,1,1
BRDA:496,53,0,0
BRDA:496,53,1,1
BRDA:529,54,0,0
BRDA:529,54,1,0
BRDA:529,55,0,0
BRDA:529,55,1,0
BRDA:532,56,0,0
BRDA:532,56,1,0
BRDA:543,57,0,0
BRDA:543,57,1,0
BRDA:549,58,0,0
BRDA:549,58,1,0
BRDA:558,59,0,0
BRDA:558,59,1,0
BRDA:579,60,0,0
BRDA:579,60,1,0
BRDA:591,61,0,0
BRDA:591,61,1,0
BRDA:591,62,0,0
BRDA:591,62,1,0
BRDA:591,62,2,0
BRDA:591,62,3,0
BRDA:594,63,0,0
BRDA:594,63,1,0
BRDA:597,64,0,0
BRDA:597,64,1,0
BRDA:602,65,0,0
BRDA:602,65,1,0
BRDA:610,66,0,0
BRDA:610,66,1,0
BRDA:621,67,0,0
BRDA:621,67,1,0
BRDA:632,68,0,0
BRDA:632,68,1,0
BRDA:632,69,0,0
BRDA:632,69,1,0
BRDA:635,70,0,0
BRDA:635,70,1,0
BRDA:645,71,0,0
BRDA:645,71,1,0
BRDA:646,72,0,0
BRDA:646,72,1,0
BRDA:646,73,0,0
BRDA:646,73,1,0
BRDA:654,74,0,0
BRDA:654,74,1,0
BRDA:663,75,0,0
BRDA:663,75,1,0
BRDA:666,76,0,0
BRDA:666,76,1,0
BRDA:695,77,0,0
BRDA:695,77,1,0
BRDA:708,78,0,0
BRDA:708,78,1,3
BRDA:719,79,0,2
BRDA:719,79,1,1
BRDA:724,80,0,0
BRDA:724,80,1,1
BRDA:731,81,0,0
BRDA:731,81,1,1
BRDA:731,82,0,1
BRDA:731,82,1,1
BRF:175
BRH:45
end_of_record
TN:
SF:controllers\biometric.controller.js
FN:31,getOrCreateSettings
FN:42,calcMinutesLate
FN:53,processPunch
FN:166,sendParentNotification
FN:212,(anonymous_4)
FN:228,(anonymous_5)
FN:245,(anonymous_6)
FN:290,(anonymous_7)
FN:310,(anonymous_8)
FN:328,(anonymous_9)
FN:359,(anonymous_10)
FN:363,(anonymous_11)
FN:391,(anonymous_12)
FN:436,(anonymous_13)
FN:457,(anonymous_14)
FN:477,(anonymous_15)
FN:500,(anonymous_16)
FN:505,(anonymous_17)
FN:570,(anonymous_18)
FN:594,(anonymous_19)
FN:619,(anonymous_20)
FN:664,sendAbsentNotification
FN:686,(anonymous_22)
FN:701,(anonymous_23)
FN:719,(anonymous_24)
FN:720,(anonymous_25)
FN:730,(anonymous_26)
FN:750,(anonymous_27)
FN:763,(anonymous_28)
FN:778,(anonymous_29)
FN:799,(anonymous_30)
FN:800,(anonymous_31)
FN:801,(anonymous_32)
FN:802,(anonymous_33)
FN:827,(anonymous_34)
FN:851,(anonymous_35)
FN:868,(anonymous_36)
FN:888,(anonymous_37)
FN:906,(anonymous_38)
FN:919,(anonymous_39)
FN:955,(anonymous_40)
FN:991,(anonymous_41)
FN:1036,(anonymous_42)
FN:1043,(anonymous_43)
FN:1067,(anonymous_44)
FNF:45
FNH:0
FNDA:0,getOrCreateSettings
FNDA:0,calcMinutesLate
FNDA:0,processPunch
FNDA:0,sendParentNotification
FNDA:0,(anonymous_4)
FNDA:0,(anonymous_5)
FNDA:0,(anonymous_6)
FNDA:0,(anonymous_7)
FNDA:0,(anonymous_8)
FNDA:0,(anonymous_9)
FNDA:0,(anonymous_10)
FNDA:0,(anonymous_11)
FNDA:0,(anonymous_12)
FNDA:0,(anonymous_13)
FNDA:0,(anonymous_14)
FNDA:0,(anonymous_15)
FNDA:0,(anonymous_16)
FNDA:0,(anonymous_17)
FNDA:0,(anonymous_18)
FNDA:0,(anonymous_19)
FNDA:0,(anonymous_20)
FNDA:0,sendAbsentNotification
FNDA:0,(anonymous_22)
FNDA:0,(anonymous_23)
FNDA:0,(anonymous_24)
FNDA:0,(anonymous_25)
FNDA:0,(anonymous_26)
FNDA:0,(anonymous_27)
FNDA:0,(anonymous_28)
FNDA:0,(anonymous_29)
FNDA:0,(anonymous_30)
FNDA:0,(anonymous_31)
FNDA:0,(anonymous_32)
FNDA:0,(anonymous_33)
FNDA:0,(anonymous_34)
FNDA:0,(anonymous_35)
FNDA:0,(anonymous_36)
FNDA:0,(anonymous_37)
FNDA:0,(anonymous_38)
FNDA:0,(anonymous_39)
FNDA:0,(anonymous_40)
FNDA:0,(anonymous_41)
FNDA:0,(anonymous_42)
FNDA:0,(anonymous_43)
FNDA:0,(anonymous_44)
DA:18,2
DA:19,2
DA:20,2
DA:21,2
DA:22,2
DA:32,0
DA:33,0
DA:34,0
DA:36,0
DA:43,0
DA:44,0
DA:45,0
DA:46,0
DA:47,0
DA:54,0
DA:55,0
DA:62,0
DA:63,0
DA:64,0
DA:67,0
DA:70,0
DA:71,0
DA:75,0
DA:84,0
DA:85,0
DA:86,0
DA:89,0
DA:90,0
DA:95,0
DA:98,0
DA:101,0
DA:102,0
DA:103,0
DA:107,0
DA:111,0
DA:113,0
DA:114,0
DA:115,0
DA:116,0
DA:118,0
DA:120,0
DA:128,0
DA:129,0
DA:142,0
DA:143,0
DA:147,0
DA:157,0
DA:159,0
DA:174,0
DA:175,0
DA:176,0
DA:180,0
DA:181,0
DA:183,0
DA:195,0
DA:196,0
DA:197,0
DA:200,0
DA:201,0
DA:202,0
DA:203,0
DA:207,0
DA:208,0
DA:211,0
DA:212,0
DA:216,0
DA:228,2
DA:229,0
DA:230,0
DA:231,0
DA:235,0
DA:237,0
DA:245,2
DA:246,0
DA:247,0
DA:249,0
DA:251,0
DA:252,0
DA:258,0
DA:260,0
DA:271,0
DA:277,0
DA:278,0
DA:282,0
DA:290,2
DA:291,0
DA:292,0
DA:293,0
DA:294,0
DA:295,0
DA:296,0
DA:298,0
DA:299,0
DA:300,0
DA:302,0
DA:310,2
DA:311,0
DA:312,0
DA:313,0
DA:314,0
DA:315,0
DA:316,0
DA:317,0
DA:318,0
DA:320,0
DA:328,2
DA:329,0
DA:330,0
DA:331,0
DA:332,0
DA:333,0
DA:334,0
DA:336,0
DA:337,0
DA:340,0
DA:342,0
DA:351,0
DA:359,2
DA:360,0
DA:361,0
DA:362,0
DA:363,0
DA:364,0
DA:365,0
DA:368,0
DA:378,0
DA:380,0
DA:391,2
DA:392,0
DA:393,0
DA:394,0
DA:396,0
DA:397,0
DA:399,0
DA:400,0
DA:406,0
DA:409,0
DA:410,0
DA:412,0
DA:422,0
DA:424,0
DA:425,0
DA:429,0
DA:436,2
DA:437,0
DA:438,0
DA:439,0
DA:447,0
DA:449,0
DA:457,2
DA:458,0
DA:459,0
DA:460,0
DA:461,0
DA:464,0
DA:465,0
DA:466,0
DA:467,0
DA:469,0
DA:477,2
DA:478,0
DA:479,0
DA:480,0
DA:481,0
DA:485,0
DA:487,0
DA:500,2
DA:502,0
DA:505,0
DA:506,0
DA:508,0
DA:510,0
DA:512,0
DA:515,0
DA:518,0
DA:521,0
DA:525,0
DA:526,0
DA:527,0
DA:528,0
DA:530,0
DA:531,0
DA:532,0
DA:535,0
DA:538,0
DA:539,0
DA:541,0
DA:545,0
DA:556,0
DA:559,0
DA:561,0
DA:570,2
DA:571,0
DA:572,0
DA:573,0
DA:574,0
DA:575,0
DA:576,0
DA:579,0
DA:580,0
DA:582,0
DA:594,2
DA:595,0
DA:596,0
DA:597,0
DA:603,0
DA:604,0
DA:605,0
DA:606,0
DA:609,0
DA:611,0
DA:619,2
DA:620,0
DA:621,0
DA:622,0
DA:623,0
DA:624,0
DA:627,0
DA:631,0
DA:632,0
DA:633,0
DA:640,0
DA:641,0
DA:649,0
DA:652,0
DA:653,0
DA:657,0
DA:659,0
DA:660,0
DA:665,0
DA:666,0
DA:667,0
DA:671,0
DA:672,0
DA:674,0
DA:675,0
DA:676,0
DA:679,0
DA:680,0
DA:689,0
DA:701,2
DA:702,0
DA:703,0
DA:704,0
DA:706,0
DA:719,0
DA:720,0
DA:722,0
DA:730,0
DA:742,0
DA:750,2
DA:751,0
DA:752,0
DA:753,0
DA:754,0
DA:756,0
DA:757,0
DA:758,0
DA:761,0
DA:762,0
DA:763,0
DA:765,0
DA:770,0
DA:778,2
DA:779,0
DA:780,0
DA:781,0
DA:782,0
DA:784,0
DA:785,0
DA:786,0
DA:787,0
DA:788,0
DA:789,0
DA:790,0
DA:793,0
DA:798,0
DA:799,0
DA:800,0
DA:801,0
DA:802,0
DA:804,0
DA:819,0
DA:827,2
DA:828,0
DA:829,0
DA:830,0
DA:832,0
DA:837,0
DA:838,0
DA:841,0
DA:849,0
DA:851,0
DA:860,0
DA:868,2
DA:869,0
DA:870,0
DA:871,0
DA:873,0
DA:874,0
DA:875,0
DA:878,0
DA:886,0
DA:888,0
DA:895,0
DA:906,2
DA:907,0
DA:908,0
DA:909,0
DA:910,0
DA:912,0
DA:919,2
DA:920,0
DA:921,0
DA:922,0
DA:932,0
DA:934,0
DA:945,0
DA:947,0
DA:955,2
DA:956,0
DA:957,0
DA:958,0
DA:959,0
DA:960,0
DA:961,0
DA:962,0
DA:963,0
DA:965,0
DA:967,0
DA:974,0
DA:976,0
DA:981,2
DA:991,2
DA:992,0
DA:993,0
DA:994,0
DA:996,0
DA:997,0
DA:998,0
DA:1000,0
DA:1002,0
DA:1011,0
DA:1012,0
DA:1013,0
DA:1014,0
DA:1016,0
DA:1021,0
DA:1036,0
DA:1037,0
DA:1038,0
DA:1039,0
DA:1043,0
DA:1044,0
DA:1059,0
DA:1066,0
DA:1067,0
DA:1068,0
DA:1073,0
DA:1074,0
DA:1075,0
DA:1077,0
DA:1078,0
DA:1080,0
DA:1081,0
LF:365
LH:29
BRDA:33,0,0,0
BRDA:33,0,1,0
BRDA:62,1,0,0
BRDA:62,1,1,0
BRDA:72,2,0,0
BRDA:72,2,1,0
BRDA:84,3,0,0
BRDA:84,3,1,0
BRDA:98,4,0,0
BRDA:98,4,1,0
BRDA:101,5,0,0
BRDA:101,5,1,0
BRDA:109,6,0,0
BRDA:109,6,1,0
BRDA:111,7,0,0
BRDA:111,7,1,0
BRDA:113,8,0,0
BRDA:113,8,1,0
BRDA:115,9,0,0
BRDA:115,9,1,0
BRDA:116,10,0,0
BRDA:116,10,1,0
BRDA:118,11,0,0
BRDA:118,11,1,0
BRDA:128,12,0,0
BRDA:128,12,1,0
BRDA:142,13,0,0
BRDA:142,13,1,0
BRDA:142,14,0,0
BRDA:142,14,1,0
BRDA:180,15,0,0
BRDA:180,15,1,0
BRDA:181,16,0,0
BRDA:181,16,1,0
BRDA:196,17,0,0
BRDA:196,17,1,0
BRDA:197,18,0,0
BRDA:197,18,1,0
BRDA:200,19,0,0
BRDA:200,19,1,0
BRDA:200,20,0,0
BRDA:200,20,1,0
BRDA:203,21,0,0
BRDA:203,21,1,0
BRDA:204,22,0,0
BRDA:204,22,1,0
BRDA:204,22,2,0
BRDA:211,23,0,0
BRDA:211,23,1,0
BRDA:211,24,0,0
BRDA:211,24,1,0
BRDA:251,25,0,0
BRDA:251,25,1,0
BRDA:251,26,0,0
BRDA:251,26,1,0
BRDA:264,27,0,0
BRDA:264,27,1,0
BRDA:265,28,0,0
BRDA:265,28,1,0
BRDA:266,29,0,0
BRDA:266,29,1,0
BRDA:277,30,0,0
BRDA:277,30,1,0
BRDA:295,31,0,0
BRDA:295,31,1,0
BRDA:315,32,0,0
BRDA:315,32,1,0
BRDA:333,33,0,0
BRDA:333,33,1,0
BRDA:336,34,0,0
BRDA:336,34,1,0
BRDA:337,35,0,0
BRDA:337,35,1,0
BRDA:340,36,0,0
BRDA:340,36,1,0
BRDA:364,37,0,0
BRDA:364,37,1,0
BRDA:365,38,0,0
BRDA:365,38,1,0
BRDA:373,39,0,0
BRDA:373,39,1,0
BRDA:396,40,0,0
BRDA:396,40,1,0
BRDA:396,41,0,0
BRDA:396,41,1,0
BRDA:396,41,2,0
BRDA:396,41,3,0
BRDA:399,42,0,0
BRDA:399,42,1,0
BRDA:409,43,0,0
BRDA:409,43,1,0
BRDA:424,44,0,0
BRDA:424,44,1,0
BRDA:464,45,0,0
BRDA:464,45,1,0
BRDA:508,46,0,0
BRDA:508,46,1,0
BRDA:508,46,2,0
BRDA:510,47,0,0
BRDA:510,47,1,0
BRDA:512,48,0,0
BRDA:512,48,1,0
BRDA:518,49,0,0
BRDA:518,49,1,0
BRDA:521,50,0,0
BRDA:521,50,1,0
BRDA:521,51,0,0
BRDA:521,51,1,0
BRDA:525,52,0,0
BRDA:525,52,1,0
BRDA:528,53,0,0
BRDA:528,53,1,0
BRDA:530,54,0,0
BRDA:530,54,1,0
BRDA:530,54,2,0
BRDA:531,55,0,0
BRDA:531,55,1,0
BRDA:531,55,2,0
BRDA:532,56,0,0
BRDA:532,56,1,0
BRDA:535,57,0,0
BRDA:535,57,1,0
BRDA:535,58,0,0
BRDA:535,58,1,0
BRDA:539,59,0,0
BRDA:539,59,1,0
BRDA:575,60,0,0
BRDA:575,60,1,0
BRDA:622,61,0,0
BRDA:622,61,1,0
BRDA:624,62,0,0
BRDA:624,62,1,0
BRDA:640,63,0,0
BRDA:640,63,1,0
BRDA:652,64,0,0
BRDA:652,64,1,0
BRDA:671,65,0,0
BRDA:671,65,1,0
BRDA:672,66,0,0
BRDA:672,66,1,0
BRDA:679,67,0,0
BRDA:679,67,1,0
BRDA:719,68,0,0
BRDA:719,68,1,0
BRDA:720,69,0,0
BRDA:720,69,1,0
BRDA:733,70,0,0
BRDA:733,70,1,0
BRDA:733,71,0,0
BRDA:733,71,1,0
BRDA:757,72,0,0
BRDA:757,72,1,0
BRDA:757,73,0,0
BRDA:757,73,1,0
BRDA:767,74,0,0
BRDA:767,74,1,0
BRDA:785,75,0,0
BRDA:785,75,1,0
BRDA:785,76,0,0
BRDA:785,76,1,0
BRDA:787,77,0,0
BRDA:787,77,1,0
BRDA:787,78,0,0
BRDA:787,78,1,0
BRDA:814,79,0,0
BRDA:814,79,1,0
BRDA:837,80,0,0
BRDA:837,80,1,0
BRDA:837,81,0,0
BRDA:837,81,1,0
BRDA:874,82,0,0
BRDA:874,82,1,0
BRDA:874,83,0,0
BRDA:874,83,1,0
BRDA:960,84,0,0
BRDA:960,84,1,0
BRDA:965,85,0,0
BRDA:965,85,1,0
BRDA:997,86,0,0
BRDA:997,86,1,0
BRDA:997,87,0,0
BRDA:997,87,1,0
BRDA:1000,88,0,0
BRDA:1000,88,1,0
BRDA:1046,89,0,0
BRDA:1046,89,1,0
BRDA:1047,90,0,0
BRDA:1047,90,1,0
BRDA:1047,91,0,0
BRDA:1047,91,1,0
BRDA:1049,92,0,0
BRDA:1049,92,1,0
BRDA:1050,93,0,0
BRDA:1050,93,1,0
BRDA:1051,94,0,0
BRDA:1051,94,1,0
BRDA:1052,95,0,0
BRDA:1052,95,1,0
BRDA:1053,96,0,0
BRDA:1053,96,1,0
BRDA:1054,97,0,0
BRDA:1054,97,1,0
BRDA:1055,98,0,0
BRDA:1055,98,1,0
BRDA:1066,99,0,0
BRDA:1066,99,1,0
BRDA:1073,100,0,0
BRDA:1073,100,1,0
BRDA:1073,101,0,0
BRDA:1073,101,1,0
BRF:210
BRH:0
end_of_record
TN:
SF:controllers\chat.controller.js
FN:6,ensureParticipant
FN:14,getOrCreateDirectRoom
FN:28,(anonymous_2)
FN:30,(anonymous_3)
FN:56,(anonymous_4)
FN:97,(anonymous_5)
FN:128,(anonymous_6)
FN:178,(anonymous_7)
FN:183,enhanceAndSortRooms
FN:186,(anonymous_9)
FN:205,(anonymous_10)
FN:212,(anonymous_11)
FN:215,(anonymous_12)
FN:216,(anonymous_13)
FN:229,(anonymous_14)
FN:231,(anonymous_15)
FN:243,(anonymous_16)
FN:279,(anonymous_17)
FN:299,(anonymous_18)
FN:314,(anonymous_19)
FN:315,(anonymous_20)
FN:324,(anonymous_21)
FN:332,(anonymous_22)
FN:348,(anonymous_23)
FN:362,(anonymous_24)
FN:396,(anonymous_25)
FN:428,(anonymous_26)
FN:439,(anonymous_27)
FN:468,(anonymous_28)
FN:506,(anonymous_29)
FN:525,(anonymous_30)
FN:545,(anonymous_31)
FN:572,(anonymous_32)
FNF:33
FNH:0
FNDA:0,ensureParticipant
FNDA:0,getOrCreateDirectRoom
FNDA:0,(anonymous_2)
FNDA:0,(anonymous_3)
FNDA:0,(anonymous_4)
FNDA:0,(anonymous_5)
FNDA:0,(anonymous_6)
FNDA:0,(anonymous_7)
FNDA:0,enhanceAndSortRooms
FNDA:0,(anonymous_9)
FNDA:0,(anonymous_10)
FNDA:0,(anonymous_11)
FNDA:0,(anonymous_12)
FNDA:0,(anonymous_13)
FNDA:0,(anonymous_14)
FNDA:0,(anonymous_15)
FNDA:0,(anonymous_16)
FNDA:0,(anonymous_17)
FNDA:0,(anonymous_18)
FNDA:0,(anonymous_19)
FNDA:0,(anonymous_20)
FNDA:0,(anonymous_21)
FNDA:0,(anonymous_22)
FNDA:0,(anonymous_23)
FNDA:0,(anonymous_24)
FNDA:0,(anonymous_25)
FNDA:0,(anonymous_26)
FNDA:0,(anonymous_27)
FNDA:0,(anonymous_28)
FNDA:0,(anonymous_29)
FNDA:0,(anonymous_30)
FNDA:0,(anonymous_31)
FNDA:0,(anonymous_32)
DA:1,2
DA:2,2
DA:7,0
DA:8,0
DA:9,0
DA:15,0
DA:26,0
DA:27,0
DA:28,0
DA:29,0
DA:30,0
DA:31,0
DA:37,0
DA:39,0
DA:47,0
DA:48,0
DA:50,0
DA:56,2
DA:57,0
DA:58,0
DA:59,0
DA:61,0
DA:62,0
DA:64,0
DA:65,0
DA:68,0
DA:69,0
DA:72,0
DA:73,0
DA:74,0
DA:76,0
DA:87,0
DA:89,0
DA:91,0
DA:92,0
DA:97,2
DA:98,0
DA:99,0
DA:100,0
DA:102,0
DA:103,0
DA:106,0
DA:107,0
DA:108,0
DA:109,0
DA:111,0
DA:112,0
DA:116,0
DA:117,0
DA:118,0
DA:120,0
DA:122,0
DA:123,0
DA:128,2
DA:129,0
DA:130,0
DA:131,0
DA:133,0
DA:134,0
DA:136,0
DA:137,0
DA:139,0
DA:140,0
DA:144,0
DA:145,0
DA:146,0
DA:147,0
DA:155,0
DA:156,0
DA:157,0
DA:161,0
DA:170,0
DA:172,0
DA:173,0
DA:178,2
DA:179,0
DA:180,0
DA:181,0
DA:184,0
DA:186,0
DA:187,0
DA:205,0
DA:212,0
DA:214,0
DA:215,0
DA:216,0
DA:221,0
DA:229,0
DA:231,0
DA:232,0
DA:233,0
DA:234,0
DA:235,0
DA:236,0
DA:239,0
DA:240,0
DA:243,0
DA:244,0
DA:247,0
DA:265,0
DA:266,0
DA:268,0
DA:269,0
DA:270,0
DA:271,0
DA:274,0
DA:275,0
DA:279,0
DA:280,0
DA:283,0
DA:287,0
DA:288,0
DA:291,0
DA:294,0
DA:295,0
DA:296,0
DA:298,0
DA:299,0
DA:304,0
DA:305,0
DA:313,0
DA:314,0
DA:315,0
DA:316,0
DA:319,0
DA:320,0
DA:324,0
DA:326,0
DA:330,0
DA:331,0
DA:332,0
DA:336,0
DA:348,0
DA:353,0
DA:362,0
DA:363,0
DA:366,0
DA:368,0
DA:369,0
DA:371,0
DA:375,0
DA:377,0
DA:378,0
DA:382,0
DA:387,0
DA:388,0
DA:390,0
DA:391,0
DA:396,2
DA:397,0
DA:398,0
DA:399,0
DA:401,0
DA:402,0
DA:405,0
DA:406,0
DA:409,0
DA:410,0
DA:411,0
DA:412,0
DA:415,0
DA:427,0
DA:428,0
DA:429,0
DA:430,0
DA:431,0
DA:432,0
DA:434,0
DA:438,0
DA:439,0
DA:440,0
DA:441,0
DA:442,0
DA:450,0
DA:451,0
DA:452,0
DA:455,0
DA:457,0
DA:460,0
DA:462,0
DA:463,0
DA:468,2
DA:469,0
DA:470,0
DA:471,0
DA:475,0
DA:476,0
DA:477,0
DA:478,0
DA:479,0
DA:480,0
DA:483,0
DA:486,0
DA:487,0
DA:489,0
DA:490,0
DA:491,0
DA:495,0
DA:498,0
DA:500,0
DA:501,0
DA:506,2
DA:507,0
DA:508,0
DA:509,0
DA:511,0
DA:512,0
DA:514,0
DA:524,0
DA:525,0
DA:526,0
DA:527,0
DA:528,0
DA:529,0
DA:530,0
DA:531,0
DA:533,0
DA:537,0
DA:539,0
DA:540,0
DA:545,2
DA:546,0
DA:547,0
DA:548,0
DA:550,0
DA:555,0
DA:556,0
DA:562,0
DA:565,0
DA:567,0
DA:568,0
DA:572,2
DA:573,0
DA:574,0
DA:575,0
DA:577,0
DA:578,0
DA:580,0
DA:585,0
DA:586,0
DA:588,0
DA:590,0
DA:591,0
LF:243
LH:11
BRDA:8,0,0,0
BRDA:8,0,1,0
BRDA:19,1,0,0
BRDA:19,1,1,0
BRDA:27,2,0,0
BRDA:27,2,1,0
BRDA:27,3,0,0
BRDA:27,3,1,0
BRDA:29,4,0,0
BRDA:29,4,1,0
BRDA:31,5,0,0
BRDA:31,5,1,0
BRDA:31,5,2,0
BRDA:37,6,0,0
BRDA:37,6,1,0
BRDA:42,7,0,0
BRDA:42,7,1,0
BRDA:43,8,0,0
BRDA:43,8,1,0
BRDA:48,9,0,0
BRDA:48,9,1,0
BRDA:61,10,0,0
BRDA:61,10,1,0
BRDA:64,11,0,0
BRDA:64,11,1,0
BRDA:64,12,0,0
BRDA:64,12,1,0
BRDA:64,12,2,0
BRDA:69,13,0,0
BRDA:69,13,1,0
BRDA:73,14,0,0
BRDA:73,14,1,0
BRDA:74,15,0,0
BRDA:74,15,1,0
BRDA:78,16,0,0
BRDA:78,16,1,0
BRDA:103,17,0,0
BRDA:103,17,1,0
BRDA:106,18,0,0
BRDA:106,18,1,0
BRDA:108,19,0,0
BRDA:108,19,1,0
BRDA:108,20,0,0
BRDA:108,20,1,0
BRDA:111,21,0,0
BRDA:111,21,1,0
BRDA:111,22,0,0
BRDA:111,22,1,0
BRDA:133,23,0,0
BRDA:133,23,1,0
BRDA:134,24,0,0
BRDA:134,24,1,0
BRDA:134,25,0,0
BRDA:134,25,1,0
BRDA:137,26,0,0
BRDA:137,26,1,0
BRDA:139,27,0,0
BRDA:139,27,1,0
BRDA:139,28,0,0
BRDA:139,28,1,0
BRDA:145,29,0,0
BRDA:145,29,1,0
BRDA:155,30,0,0
BRDA:155,30,1,0
BRDA:155,31,0,0
BRDA:155,31,1,0
BRDA:155,31,2,0
BRDA:156,32,0,0
BRDA:156,32,1,0
BRDA:157,33,0,0
BRDA:157,33,1,0
BRDA:165,34,0,0
BRDA:165,34,1,0
BRDA:166,35,0,0
BRDA:166,35,1,0
BRDA:167,36,0,0
BRDA:167,36,1,0
BRDA:184,37,0,0
BRDA:184,37,1,0
BRDA:208,38,0,0
BRDA:208,38,1,0
BRDA:221,39,0,0
BRDA:221,39,1,0
BRDA:229,40,0,0
BRDA:229,40,1,0
BRDA:233,41,0,0
BRDA:233,41,1,0
BRDA:236,42,0,0
BRDA:236,42,1,0
BRDA:237,43,0,0
BRDA:237,43,1,0
BRDA:239,44,0,0
BRDA:239,44,1,0
BRDA:265,45,0,0
BRDA:265,45,1,0
BRDA:265,46,0,0
BRDA:265,46,1,0
BRDA:265,46,2,0
BRDA:268,47,0,0
BRDA:268,47,1,0
BRDA:269,48,0,0
BRDA:269,48,1,0
BRDA:270,49,0,0
BRDA:270,49,1,0
BRDA:271,50,0,0
BRDA:271,50,1,0
BRDA:274,51,0,0
BRDA:274,51,1,0
BRDA:294,52,0,0
BRDA:294,52,1,0
BRDA:296,53,0,0
BRDA:296,53,1,0
BRDA:304,54,0,0
BRDA:304,54,1,0
BRDA:313,55,0,0
BRDA:313,55,1,0
BRDA:314,56,0,0
BRDA:314,56,1,0
BRDA:315,57,0,0
BRDA:315,57,1,0
BRDA:316,58,0,0
BRDA:316,58,1,0
BRDA:319,59,0,0
BRDA:319,59,1,0
BRDA:319,60,0,0
BRDA:319,60,1,0
BRDA:330,61,0,0
BRDA:330,61,1,0
BRDA:330,62,0,0
BRDA:330,62,1,0
BRDA:363,63,0,0
BRDA:363,63,1,0
BRDA:363,64,0,0
BRDA:363,64,1,0
BRDA:368,65,0,0
BRDA:368,65,1,0
BRDA:368,66,0,0
BRDA:368,66,1,0
BRDA:377,67,0,0
BRDA:377,67,1,0
BRDA:402,68,0,0
BRDA:402,68,1,0
BRDA:405,69,0,0
BRDA:405,69,1,0
BRDA:405,70,0,0
BRDA:405,70,1,0
BRDA:410,71,0,0
BRDA:410,71,1,0
BRDA:427,72,0,0
BRDA:427,72,1,0
BRDA:427,73,0,0
BRDA:427,73,1,0
BRDA:427,73,2,0
BRDA:430,74,0,0
BRDA:430,74,1,0
BRDA:430,75,0,0
BRDA:430,75,1,0
BRDA:441,76,0,0
BRDA:441,76,1,0
BRDA:441,77,0,0
BRDA:441,77,1,0
BRDA:450,78,0,0
BRDA:450,78,1,0
BRDA:450,79,0,0
BRDA:450,79,1,0
BRDA:450,79,2,0
BRDA:451,80,0,0
BRDA:451,80,1,0
BRDA:475,81,0,0
BRDA:475,81,1,0
BRDA:475,82,0,0
BRDA:475,82,1,0
BRDA:475,82,2,0
BRDA:477,83,0,0
BRDA:477,83,1,0
BRDA:477,84,0,0
BRDA:477,84,1,0
BRDA:479,85,0,0
BRDA:479,85,1,0
BRDA:479,86,0,0
BRDA:479,86,1,0
BRDA:486,87,0,0
BRDA:486,87,1,0
BRDA:487,88,0,0
BRDA:487,88,1,0
BRDA:490,89,0,0
BRDA:490,89,1,0
BRDA:492,90,0,0
BRDA:492,90,1,0
BRDA:512,91,0,0
BRDA:512,91,1,0
BRDA:524,92,0,0
BRDA:524,92,1,0
BRDA:524,93,0,0
BRDA:524,93,1,0
BRDA:524,93,2,0
BRDA:527,94,0,0
BRDA:527,94,1,0
BRDA:527,95,0,0
BRDA:527,95,1,0
BRDA:529,96,0,0
BRDA:529,96,1,0
BRDA:530,97,0,0
BRDA:530,97,1,0
BRDA:559,98,0,0
BRDA:559,98,1,0
BRDA:578,99,0,0
BRDA:578,99,1,0
BRF:208
BRH:0
end_of_record
TN:
SF:controllers\class.controller.js
FN:15,(anonymous_0)
FN:44,(anonymous_1)
FN:111,(anonymous_2)
FN:155,(anonymous_3)
FN:196,(anonymous_4)
FNF:5
FNH:0
FNDA:0,(anonymous_0)
FNDA:0,(anonymous_1)
FNDA:0,(anonymous_2)
FNDA:0,(anonymous_3)
FNDA:0,(anonymous_4)
DA:7,2
DA:8,2
DA:15,2
DA:16,0
DA:17,0
DA:18,0
DA:20,0
DA:26,0
DA:32,0
DA:44,2
DA:45,0
DA:46,0
DA:47,0
DA:49,0
DA:51,0
DA:53,0
DA:54,0
DA:60,0
DA:72,0
DA:73,0
DA:74,0
DA:75,0
DA:76,0
DA:77,0
DA:79,0
DA:83,0
DA:92,0
DA:99,0
DA:111,2
DA:112,0
DA:113,0
DA:114,0
DA:116,0
DA:130,0
DA:131,0
DA:137,0
DA:143,0
DA:155,2
DA:156,0
DA:157,0
DA:158,0
DA:159,0
DA:161,0
DA:165,0
DA:166,0
DA:172,0
DA:178,0
DA:184,0
DA:196,2
DA:197,0
DA:198,0
DA:199,0
DA:201,0
DA:205,0
DA:206,0
DA:212,0
DA:214,0
DA:219,0
DA:226,2
LF:59
LH:8
BRDA:46,0,0,0
BRDA:46,1,0,0
BRDA:46,2,0,0
BRDA:53,3,0,0
BRDA:53,3,1,0
BRDA:72,4,0,0
BRDA:72,4,1,0
BRDA:75,5,0,0
BRDA:75,5,1,0
BRDA:130,6,0,0
BRDA:130,6,1,0
BRDA:165,7,0,0
BRDA:165,7,1,0
BRDA:173,8,0,0
BRDA:173,8,1,0
BRDA:174,9,0,0
BRDA:174,9,1,0
BRDA:175,10,0,0
BRDA:175,10,1,0
BRDA:205,11,0,0
BRDA:205,11,1,0
BRF:21
BRH:0
end_of_record
TN:
SF:controllers\exam.controller.js
FN:9,(anonymous_0)
FN:37,(anonymous_1)
FN:93,(anonymous_2)
FN:132,(anonymous_3)
FN:167,(anonymous_4)
FN:188,(anonymous_5)
FNF:6
FNH:0
FNDA:0,(anonymous_0)
FNDA:0,(anonymous_1)
FNDA:0,(anonymous_2)
FNDA:0,(anonymous_3)
FNDA:0,(anonymous_4)
FNDA:0,(anonymous_5)
DA:6,2
DA:7,2
DA:9,2
DA:10,0
DA:11,0
DA:12,0
DA:14,0
DA:24,0
DA:30,0
DA:37,2
DA:38,0
DA:39,0
DA:40,0
DA:42,0
DA:43,0
DA:45,0
DA:46,0
DA:48,0
DA:49,0
DA:50,0
DA:51,0
DA:52,0
DA:54,0
DA:58,0
DA:72,0
DA:86,0
DA:93,2
DA:94,0
DA:95,0
DA:96,0
DA:99,0
DA:107,0
DA:108,0
DA:109,0
DA:111,0
DA:119,0
DA:125,0
DA:132,2
DA:133,0
DA:134,0
DA:135,0
DA:137,0
DA:154,0
DA:160,0
DA:167,2
DA:168,0
DA:169,0
DA:170,0
DA:172,0
DA:176,0
DA:181,0
DA:188,2
DA:189,0
DA:190,0
DA:191,0
DA:193,0
DA:194,0
DA:196,0
DA:197,0
DA:200,0
DA:202,0
DA:206,2
LF:62
LH:9
BRDA:39,0,0,0
BRDA:39,1,0,0
BRDA:45,2,0,0
BRDA:45,2,1,0
BRDA:46,3,0,0
BRDA:46,3,1,0
BRDA:49,4,0,0
BRDA:49,4,1,0
BRDA:51,5,0,0
BRDA:51,5,1,0
BRDA:107,6,0,0
BRDA:107,6,1,0
BRDA:196,7,0,0
BRDA:196,7,1,0
BRF:14
BRH:0
end_of_record
TN:
SF:controllers\expense.controller.js
FN:4,(anonymous_0)
FN:39,(anonymous_1)
FN:65,(anonymous_2)
FN:90,(anonymous_3)
FNF:4
FNH:0
FNDA:0,(anonymous_0)
FNDA:0,(anonymous_1)
FNDA:0,(anonymous_2)
FNDA:0,(anonymous_3)
DA:1,2
DA:2,2
DA:4,2
DA:5,0
DA:6,0
DA:7,0
DA:9,0
DA:11,0
DA:12,0
DA:13,0
DA:14,0
DA:15,0
DA:16,0
DA:17,0
DA:18,0
DA:19,0
DA:20,0
DA:21,0
DA:22,0
DA:23,0
DA:24,0
DA:27,0
DA:32,0
DA:34,0
DA:35,0
DA:39,2
DA:40,0
DA:41,0
DA:42,0
DA:44,0
DA:45,0
DA:48,0
DA:58,0
DA:60,0
DA:61,0
DA:65,2
DA:66,0
DA:67,0
DA:68,0
DA:70,0
DA:71,0
DA:72,0
DA:74,0
DA:77,0
DA:79,0
DA:80,0
DA:83,0
DA:85,0
DA:86,0
DA:90,2
DA:91,0
DA:92,0
DA:94,0
DA:97,0
DA:98,0
DA:100,0
DA:101,0
DA:102,0
DA:103,0
DA:105,0
DA:106,0
DA:107,0
DA:108,0
DA:109,0
DA:110,0
DA:111,0
DA:112,0
DA:113,0
DA:114,0
DA:115,0
DA:116,0
DA:119,0
DA:120,0
DA:124,0
DA:126,0
DA:127,0
DA:128,0
DA:129,0
DA:130,0
DA:132,0
DA:133,0
DA:135,0
DA:136,0
DA:137,0
DA:141,0
DA:150,0
DA:153,0
DA:154,0
DA:155,0
DA:156,0
DA:157,0
DA:159,0
DA:160,0
DA:162,0
DA:163,0
DA:164,0
DA:168,0
DA:177,0
DA:181,0
DA:182,0
DA:184,0
DA:185,0
DA:186,0
DA:187,0
DA:188,0
DA:189,0
DA:190,0
DA:191,0
DA:192,0
DA:193,0
DA:196,0
DA:197,0
DA:198,0
DA:199,0
DA:202,0
DA:205,0
DA:208,0
DA:209,0
DA:210,0
DA:211,0
DA:212,0
DA:214,0
DA:215,0
DA:216,0
DA:219,0
DA:220,0
DA:222,0
DA:234,0
DA:235,0
LF:129
LH:6
BRDA:9,0,0,0
BRDA:9,0,1,0
BRDA:11,1,0,0
BRDA:11,1,1,0
BRDA:11,2,0,0
BRDA:11,2,1,0
BRDA:16,3,0,0
BRDA:16,3,1,0
BRDA:16,4,0,0
BRDA:16,4,1,0
BRDA:20,5,0,0
BRDA:20,5,1,0
BRDA:44,6,0,0
BRDA:44,6,1,0
BRDA:44,7,0,0
BRDA:44,7,1,0
BRDA:44,7,2,0
BRDA:49,8,0,0
BRDA:49,8,1,0
BRDA:53,9,0,0
BRDA:53,9,1,0
BRDA:55,10,0,0
BRDA:55,10,1,0
BRDA:71,11,0,0
BRDA:71,11,1,0
BRDA:79,12,0,0
BRDA:79,12,1,0
BRDA:98,13,0,0
BRDA:98,13,1,0
BRDA:105,14,0,0
BRDA:105,14,1,0
BRDA:105,15,0,0
BRDA:105,15,1,0
BRDA:111,16,0,0
BRDA:111,16,1,0
BRDA:111,17,0,0
BRDA:111,17,1,0
BRDA:115,18,0,0
BRDA:115,18,1,0
BRDA:126,19,0,0
BRDA:126,19,1,0
BRDA:133,20,0,0
BRDA:133,20,1,0
BRDA:136,21,0,0
BRDA:136,21,1,0
BRDA:137,22,0,0
BRDA:137,22,1,0
BRDA:141,23,0,0
BRDA:141,23,1,0
BRDA:157,24,0,0
BRDA:157,24,1,0
BRDA:160,25,0,0
BRDA:160,25,1,0
BRDA:163,26,0,0
BRDA:163,26,1,0
BRDA:164,27,0,0
BRDA:164,27,1,0
BRDA:168,28,0,0
BRDA:168,28,1,0
BRDA:184,29,0,0
BRDA:184,29,1,0
BRDA:184,30,0,0
BRDA:184,30,1,0
BRDA:188,31,0,0
BRDA:188,31,1,0
BRDA:188,32,0,0
BRDA:188,32,1,0
BRDA:191,33,0,0
BRDA:191,33,1,0
BRDA:202,34,0,0
BRDA:202,34,1,0
BRDA:205,35,0,0
BRDA:205,35,1,0
BRDA:209,36,0,0
BRDA:209,36,1,0
BRDA:211,37,0,0
BRDA:211,37,1,0
BRDA:212,38,0,0
BRDA:212,38,1,0
BRDA:215,39,0,0
BRDA:215,39,1,0
BRDA:216,40,0,0
BRDA:216,40,1,0
BRF:83
BRH:0
end_of_record
TN:
SF:controllers\faculty.controller.js
FN:16,(anonymous_0)
FN:60,(anonymous_1)
FN:151,(anonymous_2)
FN:216,(anonymous_3)
FN:268,(anonymous_4)
FN:335,(anonymous_5)
FN:375,(anonymous_6)
FN:443,(anonymous_7)
FNF:8
FNH:0
FNDA:0,(anonymous_0)
FNDA:0,(anonymous_1)
FNDA:0,(anonymous_2)
FNDA:0,(anonymous_3)
FNDA:0,(anonymous_4)
FNDA:0,(anonymous_5)
FNDA:0,(anonymous_6)
FNDA:0,(anonymous_7)
DA:7,2
DA:8,2
DA:9,2
DA:16,2
DA:17,0
DA:18,0
DA:19,0
DA:21,0
DA:35,0
DA:36,0
DA:42,0
DA:48,0
DA:60,2
DA:61,0
DA:70,0
DA:72,0
DA:75,0
DA:79,0
DA:80,0
DA:81,0
DA:82,0
DA:90,0
DA:94,0
DA:95,0
DA:102,0
DA:105,0
DA:116,0
DA:124,0
DA:138,0
DA:139,0
DA:151,2
DA:152,0
DA:153,0
DA:154,0
DA:156,0
DA:158,0
DA:167,0
DA:193,0
DA:199,0
DA:200,0
DA:201,0
DA:202,0
DA:203,0
DA:204,0
DA:216,2
DA:217,0
DA:218,0
DA:219,0
DA:221,0
DA:235,0
DA:236,0
DA:243,0
DA:244,0
DA:250,0
DA:256,0
DA:268,2
DA:269,0
DA:270,0
DA:271,0
DA:279,0
DA:281,0
DA:286,0
DA:287,0
DA:293,0
DA:294,0
DA:301,0
DA:302,0
DA:310,0
DA:316,0
DA:322,0
DA:323,0
DA:335,2
DA:336,0
DA:337,0
DA:338,0
DA:340,0
DA:345,0
DA:346,0
DA:353,0
DA:356,0
DA:358,0
DA:363,0
DA:375,2
DA:376,0
DA:377,0
DA:378,0
DA:380,0
DA:381,0
DA:384,0
DA:385,0
DA:387,0
DA:392,0
DA:394,0
DA:395,0
DA:396,0
DA:398,0
DA:399,0
DA:400,0
DA:401,0
DA:403,0
DA:404,0
DA:405,0
DA:406,0
DA:408,0
DA:416,0
DA:417,0
DA:421,0
DA:431,0
DA:433,0
DA:434,0
DA:443,2
DA:444,0
DA:445,0
DA:446,0
DA:448,0
DA:453,0
DA:454,0
DA:457,0
DA:458,0
DA:459,0
DA:462,0
DA:463,0
DA:464,0
DA:465,0
DA:467,0
DA:468,0
DA:470,0
DA:478,0
DA:486,0
DA:490,2
LF:130
LH:12
BRDA:35,0,0,0
BRDA:35,0,1,0
BRDA:79,1,0,0
BRDA:79,1,1,0
BRDA:79,2,0,0
BRDA:79,2,1,0
BRDA:81,3,0,0
BRDA:81,3,1,0
BRDA:81,4,0,0
BRDA:81,4,1,0
BRDA:94,5,0,0
BRDA:94,5,1,0
BRDA:102,6,0,0
BRDA:102,6,1,0
BRDA:121,7,0,0
BRDA:121,7,1,0
BRDA:153,8,0,0
BRDA:153,9,0,0
BRDA:153,10,0,0
BRDA:158,11,0,0
BRDA:158,11,1,0
BRDA:177,12,0,0
BRDA:177,12,1,0
BRDA:235,13,0,0
BRDA:235,13,1,0
BRDA:243,14,0,0
BRDA:243,14,1,0
BRDA:243,15,0,0
BRDA:243,15,1,0
BRDA:286,16,0,0
BRDA:286,16,1,0
BRDA:293,17,0,0
BRDA:293,17,1,0
BRDA:293,18,0,0
BRDA:293,18,1,0
BRDA:301,19,0,0
BRDA:301,19,1,0
BRDA:301,20,0,0
BRDA:301,20,1,0
BRDA:301,20,2,0
BRDA:303,21,0,0
BRDA:303,21,1,0
BRDA:304,22,0,0
BRDA:304,22,1,0
BRDA:305,23,0,0
BRDA:305,23,1,0
BRDA:311,24,0,0
BRDA:311,24,1,0
BRDA:312,25,0,0
BRDA:312,25,1,0
BRDA:313,26,0,0
BRDA:313,26,1,0
BRDA:345,27,0,0
BRDA:345,27,1,0
BRDA:380,28,0,0
BRDA:380,28,1,0
BRDA:380,29,0,0
BRDA:380,29,1,0
BRDA:398,30,0,0
BRDA:398,30,1,0
BRDA:399,31,0,0
BRDA:399,31,1,0
BRDA:423,32,0,0
BRDA:423,32,1,0
BRDA:453,33,0,0
BRDA:453,33,1,0
BRDA:458,34,0,0
BRDA:458,34,1,0
BRDA:458,35,0,0
BRDA:458,35,1,0
BRF:70
BRH:0
end_of_record
TN:
SF:controllers\facultyAttendance.controller.js
FN:13,(anonymous_0)
FN:49,(anonymous_1)
FN:104,(anonymous_2)
FN:145,(anonymous_3)
FN:167,(anonymous_4)
FN:168,(anonymous_5)
FN:170,(anonymous_6)
FN:172,(anonymous_7)
FN:176,(anonymous_8)
FN:184,(anonymous_9)
FN:185,(anonymous_10)
FN:203,(anonymous_11)
FN:264,(anonymous_12)
FN:277,(anonymous_13)
FN:278,(anonymous_14)
FN:290,(anonymous_15)
FN:291,(anonymous_16)
FN:298,(anonymous_17)
FN:303,(anonymous_18)
FN:323,(anonymous_19)
FN:338,(anonymous_20)
FN:342,(anonymous_21)
FNF:22
FNH:0
FNDA:0,(anonymous_0)
FNDA:0,(anonymous_1)
FNDA:0,(anonymous_2)
FNDA:0,(anonymous_3)
FNDA:0,(anonymous_4)
FNDA:0,(anonymous_5)
FNDA:0,(anonymous_6)
FNDA:0,(anonymous_7)
FNDA:0,(anonymous_8)
FNDA:0,(anonymous_9)
FNDA:0,(anonymous_10)
FNDA:0,(anonymous_11)
FNDA:0,(anonymous_12)
FNDA:0,(anonymous_13)
FNDA:0,(anonymous_14)
FNDA:0,(anonymous_15)
FNDA:0,(anonymous_16)
FNDA:0,(anonymous_17)
FNDA:0,(anonymous_18)
FNDA:0,(anonymous_19)
FNDA:0,(anonymous_20)
FNDA:0,(anonymous_21)
DA:1,2
DA:2,2
DA:3,2
DA:6,2
DA:13,2
DA:14,0
DA:15,0
DA:18,0
DA:19,0
DA:20,0
DA:24,0
DA:25,0
DA:27,0
DA:32,0
DA:40,0
DA:49,2
DA:50,0
DA:51,0
DA:52,0
DA:53,0
DA:56,0
DA:57,0
DA:60,0
DA:62,0
DA:63,0
DA:66,0
DA:67,0
DA:68,0
DA:71,0
DA:75,0
DA:76,0
DA:79,0
DA:88,0
DA:95,0
DA:104,2
DA:105,0
DA:106,0
DA:107,0
DA:109,0
DA:110,0
DA:111,0
DA:113,0
DA:114,0
DA:117,0
DA:131,0
DA:136,0
DA:145,2
DA:146,0
DA:147,0
DA:148,0
DA:150,0
DA:151,0
DA:154,0
DA:159,0
DA:167,0
DA:168,0
DA:169,0
DA:170,0
DA:171,0
DA:172,0
DA:173,0
DA:175,0
DA:176,0
DA:178,0
DA:184,0
DA:185,0
DA:192,0
DA:194,0
DA:203,2
DA:204,0
DA:205,0
DA:206,0
DA:207,0
DA:210,0
DA:211,0
DA:212,0
DA:214,0
DA:215,0
DA:221,0
DA:222,0
DA:223,0
DA:225,0
DA:229,0
DA:230,0
DA:235,0
DA:237,0
DA:245,0
DA:249,0
DA:255,0
DA:264,2
DA:265,0
DA:266,0
DA:267,0
DA:270,0
DA:273,0
DA:277,0
DA:278,0
DA:279,0
DA:280,0
DA:281,0
DA:284,0
DA:285,0
DA:286,0
DA:290,0
DA:291,0
DA:292,0
DA:293,0
DA:294,0
DA:297,0
DA:298,0
DA:299,0
DA:300,0
DA:303,0
DA:305,0
DA:314,0
DA:323,2
DA:324,0
DA:325,0
DA:326,0
DA:328,0
DA:333,0
DA:337,0
DA:338,0
DA:339,0
DA:342,0
DA:354,0
DA:359,0
DA:363,2
LF:128
LH:12
BRDA:19,0,0,0
BRDA:19,0,1,0
BRDA:56,1,0,0
BRDA:56,1,1,0
BRDA:56,2,0,0
BRDA:56,2,1,0
BRDA:62,3,0,0
BRDA:62,3,1,0
BRDA:67,4,0,0
BRDA:67,4,1,0
BRDA:75,5,0,0
BRDA:75,5,1,0
BRDA:110,6,0,0
BRDA:110,6,1,0
BRDA:110,7,0,0
BRDA:110,7,1,0
BRDA:150,8,0,0
BRDA:150,8,1,0
BRDA:150,9,0,0
BRDA:150,9,1,0
BRDA:173,10,0,0
BRDA:173,10,1,0
BRDA:214,11,0,0
BRDA:214,11,1,0
BRDA:223,12,0,0
BRDA:223,12,1,0
BRDA:229,13,0,0
BRDA:229,13,1,0
BRDA:281,14,0,0
BRDA:281,14,1,0
BRDA:294,15,0,0
BRDA:294,15,1,0
BRDA:299,16,0,0
BRDA:299,16,1,0
BRDA:300,17,0,0
BRDA:300,17,1,0
BRDA:347,18,0,0
BRDA:347,18,1,0
BRDA:348,19,0,0
BRDA:348,19,1,0
BRF:40
BRH:0
end_of_record
TN:
SF:controllers\facultySalary.controller.js
FN:11,(anonymous_0)
FN:97,(anonymous_1)
FN:132,(anonymous_2)
FN:162,(anonymous_3)
FN:199,(anonymous_4)
FN:218,(anonymous_5)
FN:237,(anonymous_6)
FN:238,(anonymous_7)
FN:239,(anonymous_8)
FN:240,(anonymous_9)
FN:240,(anonymous_10)
FNF:11
FNH:0
FNDA:0,(anonymous_0)
FNDA:0,(anonymous_1)
FNDA:0,(anonymous_2)
FNDA:0,(anonymous_3)
FNDA:0,(anonymous_4)
FNDA:0,(anonymous_5)
FNDA:0,(anonymous_6)
FNDA:0,(anonymous_7)
FNDA:0,(anonymous_8)
FNDA:0,(anonymous_9)
FNDA:0,(anonymous_10)
DA:7,2
DA:8,2
DA:11,2
DA:12,0
DA:16,0
DA:17,0
DA:20,0
DA:21,0
DA:26,0
DA:27,0
DA:32,0
DA:33,0
DA:40,0
DA:41,0
DA:42,0
DA:46,0
DA:47,0
DA:48,0
DA:54,0
DA:55,0
DA:56,0
DA:57,0
DA:58,0
DA:59,0
DA:62,0
DA:63,0
DA:64,0
DA:66,0
DA:67,0
DA:73,0
DA:89,0
DA:91,0
DA:92,0
DA:97,2
DA:98,0
DA:99,0
DA:100,0
DA:102,0
DA:103,0
DA:104,0
DA:105,0
DA:107,0
DA:124,0
DA:126,0
DA:127,0
DA:132,2
DA:133,0
DA:134,0
DA:135,0
DA:136,0
DA:138,0
DA:139,0
DA:140,0
DA:142,0
DA:143,0
DA:146,0
DA:154,0
DA:156,0
DA:157,0
DA:162,2
DA:163,0
DA:164,0
DA:165,0
DA:166,0
DA:168,0
DA:169,0
DA:170,0
DA:173,0
DA:174,0
DA:175,0
DA:176,0
DA:177,0
DA:178,0
DA:180,0
DA:181,0
DA:182,0
DA:184,0
DA:191,0
DA:193,0
DA:194,0
DA:199,2
DA:200,0
DA:201,0
DA:202,0
DA:204,0
DA:205,0
DA:206,0
DA:209,0
DA:210,0
DA:212,0
DA:213,0
DA:218,2
DA:219,0
DA:220,0
DA:221,0
DA:223,0
DA:224,0
DA:226,0
DA:237,0
DA:238,0
DA:239,0
DA:240,0
DA:242,0
DA:254,0
DA:255,0
LF:105
LH:8
BRDA:20,0,0,0
BRDA:20,0,1,0
BRDA:20,1,0,0
BRDA:20,1,1,0
BRDA:20,1,2,0
BRDA:26,2,0,0
BRDA:26,2,1,0
BRDA:32,3,0,0
BRDA:32,3,1,0
BRDA:41,4,0,0
BRDA:41,4,1,0
BRDA:47,5,0,0
BRDA:47,5,1,0
BRDA:55,6,0,0
BRDA:55,6,1,0
BRDA:56,7,0,0
BRDA:56,7,1,0
BRDA:57,8,0,0
BRDA:57,8,1,0
BRDA:58,9,0,0
BRDA:58,9,1,0
BRDA:59,10,0,0
BRDA:59,10,1,0
BRDA:62,11,0,0
BRDA:62,11,1,0
BRDA:66,12,0,0
BRDA:66,12,1,0
BRDA:86,13,0,0
BRDA:86,13,1,0
BRDA:103,14,0,0
BRDA:103,14,1,0
BRDA:104,15,0,0
BRDA:104,15,1,0
BRDA:105,16,0,0
BRDA:105,16,1,0
BRDA:139,17,0,0
BRDA:139,17,1,0
BRDA:142,18,0,0
BRDA:142,18,1,0
BRDA:149,19,0,0
BRDA:149,19,1,0
BRDA:150,20,0,0
BRDA:150,20,1,0
BRDA:169,21,0,0
BRDA:169,21,1,0
BRDA:173,22,0,0
BRDA:173,22,1,0
BRDA:174,23,0,0
BRDA:174,23,1,0
BRDA:175,24,0,0
BRDA:175,24,1,0
BRDA:176,25,0,0
BRDA:176,25,1,0
BRDA:177,26,0,0
BRDA:177,26,1,0
BRDA:178,27,0,0
BRDA:178,27,1,0
BRDA:180,28,0,0
BRDA:180,28,1,0
BRDA:187,29,0,0
BRDA:187,29,1,0
BRDA:188,30,0,0
BRDA:188,30,1,0
BRDA:205,31,0,0
BRDA:205,31,1,0
BRDA:224,32,0,0
BRDA:224,32,1,0
BRDA:237,33,0,0
BRDA:237,33,1,0
BRDA:240,34,0,0
BRDA:240,34,1,0
BRF:71
BRH:0
end_of_record
TN:
SF:controllers\fees.controller.js
FN:9,(anonymous_0)
FN:26,(anonymous_1)
FN:69,(anonymous_2)
FN:70,(anonymous_3)
FN:75,(anonymous_4)
FN:82,(anonymous_5)
FN:102,(anonymous_6)
FN:121,(anonymous_7)
FN:139,(anonymous_8)
FN:152,(anonymous_9)
FN:153,(anonymous_10)
FN:202,(anonymous_11)
FN:228,(anonymous_12)
FN:305,(anonymous_13)
FN:337,(anonymous_14)
FN:347,(anonymous_15)
FN:365,(anonymous_16)
FN:397,(anonymous_17)
FN:425,(anonymous_18)
FN:438,(anonymous_19)
FN:439,(anonymous_20)
FN:463,(anonymous_21)
FN:502,(anonymous_22)
FN:535,(anonymous_23)
FN:549,(anonymous_24)
FN:555,(anonymous_25)
FN:556,(anonymous_26)
FN:559,(anonymous_27)
FN:586,(anonymous_28)
FN:632,(anonymous_29)
FN:668,(anonymous_30)
FN:712,(anonymous_31)
FN:734,(anonymous_32)
FNF:33
FNH:8
FNDA:1,(anonymous_0)
FNDA:1,(anonymous_1)
FNDA:0,(anonymous_2)
FNDA:0,(anonymous_3)
FNDA:0,(anonymous_4)
FNDA:0,(anonymous_5)
FNDA:0,(anonymous_6)
FNDA:0,(anonymous_7)
FNDA:0,(anonymous_8)
FNDA:0,(anonymous_9)
FNDA:0,(anonymous_10)
FNDA:2,(anonymous_11)
FNDA:1,(anonymous_12)
FNDA:0,(anonymous_13)
FNDA:0,(anonymous_14)
FNDA:0,(anonymous_15)
FNDA:0,(anonymous_16)
FNDA:0,(anonymous_17)
FNDA:1,(anonymous_18)
FNDA:1,(anonymous_19)
FNDA:0,(anonymous_20)
FNDA:1,(anonymous_21)
FNDA:1,(anonymous_22)
FNDA:0,(anonymous_23)
FNDA:0,(anonymous_24)
FNDA:0,(anonymous_25)
FNDA:0,(anonymous_26)
FNDA:0,(anonymous_27)
FNDA:0,(anonymous_28)
FNDA:0,(anonymous_29)
FNDA:0,(anonymous_30)
FNDA:0,(anonymous_31)
FNDA:0,(anonymous_32)
DA:6,2
DA:7,2
DA:9,2
DA:10,1
DA:11,1
DA:12,1
DA:14,1
DA:26,1
DA:39,1
DA:42,1
DA:43,1
DA:45,1
DA:48,1
DA:49,1
DA:52,0
DA:54,0
DA:61,0
DA:64,0
DA:65,0
DA:69,0
DA:70,0
DA:73,0
DA:75,0
DA:78,0
DA:82,0
DA:84,0
DA:85,0
DA:89,1
DA:95,0
DA:102,2
DA:103,0
DA:104,0
DA:105,0
DA:107,0
DA:108,0
DA:110,0
DA:112,0
DA:120,0
DA:121,0
DA:122,0
DA:123,0
DA:129,0
DA:139,0
DA:141,0
DA:142,0
DA:146,0
DA:147,0
DA:148,0
DA:149,0
DA:152,0
DA:153,0
DA:154,0
DA:157,0
DA:158,0
DA:159,0
DA:161,0
DA:164,0
DA:166,0
DA:167,0
DA:170,0
DA:175,0
DA:176,0
DA:177,0
DA:181,0
DA:185,0
DA:189,0
DA:195,0
DA:202,2
DA:203,2
DA:204,2
DA:205,2
DA:207,2
DA:208,2
DA:209,2
DA:210,0
DA:211,0
DA:212,0
DA:214,0
DA:216,2
DA:220,2
DA:221,2
DA:224,2
DA:225,2
DA:228,2
DA:229,2
DA:230,0
DA:233,2
DA:234,2
DA:235,0
DA:236,0
DA:242,2
DA:243,2
DA:247,2
DA:248,2
DA:249,2
DA:251,2
DA:257,0
DA:258,0
DA:259,0
DA:260,0
DA:261,0
DA:262,0
DA:279,2
DA:292,2
DA:298,0
DA:305,2
DA:306,0
DA:307,0
DA:308,0
DA:309,0
DA:311,0
DA:312,0
DA:314,0
DA:327,0
DA:333,0
DA:337,2
DA:338,0
DA:339,0
DA:340,0
DA:342,0
DA:347,0
DA:349,0
DA:358,0
DA:365,2
DA:366,0
DA:367,0
DA:368,0
DA:369,0
DA:371,0
DA:373,0
DA:374,0
DA:377,0
DA:387,0
DA:393,0
DA:397,2
DA:398,0
DA:399,0
DA:400,0
DA:402,0
DA:404,0
DA:405,0
DA:408,0
DA:409,0
DA:410,0
DA:413,0
DA:414,0
DA:416,0
DA:421,0
DA:425,2
DA:426,1
DA:427,1
DA:429,1
DA:430,1
DA:435,1
DA:436,1
DA:438,1
DA:439,1
DA:441,1
DA:442,1
DA:443,1
DA:444,1
DA:445,0
DA:446,0
DA:447,0
DA:448,0
DA:449,0
DA:451,0
DA:455,0
DA:456,0
DA:458,0
DA:463,1
DA:465,1
DA:466,1
DA:467,0
DA:481,0
DA:482,0
DA:487,1
DA:488,0
DA:491,1
DA:492,0
DA:495,1
DA:497,0
DA:498,0
DA:502,2
DA:503,1
DA:504,1
DA:505,1
DA:507,1
DA:512,1
DA:513,0
DA:517,1
DA:520,1
DA:529,1
DA:531,0
DA:535,2
DA:536,0
DA:537,0
DA:542,0
DA:546,0
DA:548,0
DA:549,0
DA:551,0
DA:552,0
DA:554,0
DA:555,0
DA:556,0
DA:559,0
DA:561,0
DA:562,0
DA:563,0
DA:564,0
DA:565,0
DA:566,0
DA:567,0
DA:569,0
DA:570,0
DA:572,0
DA:577,0
DA:578,0
DA:581,0
DA:586,0
DA:588,0
DA:589,0
DA:590,0
DA:605,0
DA:606,0
DA:612,0
DA:613,0
DA:616,0
DA:617,0
DA:621,0
DA:632,0
DA:633,0
DA:641,0
DA:642,0
DA:644,0
DA:662,0
DA:664,0
DA:668,2
DA:669,0
DA:670,0
DA:671,0
DA:673,0
DA:674,0
DA:676,0
DA:677,0
DA:679,0
DA:680,0
DA:683,0
DA:686,0
DA:687,0
DA:690,0
DA:697,0
DA:706,0
DA:708,0
DA:712,2
DA:713,0
DA:714,0
DA:715,0
DA:728,0
DA:730,0
DA:734,2
DA:735,0
DA:736,0
DA:737,0
DA:738,0
DA:740,0
DA:741,0
DA:742,0
DA:745,0
DA:747,0
DA:753,0
DA:757,2
LF:273
LH:77
BRDA:17,0,0,1
BRDA:17,0,1,0
BRDA:18,1,0,1
BRDA:18,1,1,0
BRDA:39,2,0,1
BRDA:39,2,1,0
BRDA:43,3,0,1
BRDA:43,3,1,0
BRDA:48,4,0,1
BRDA:48,4,1,0
BRDA:52,5,0,0
BRDA:52,5,1,0
BRDA:61,6,0,0
BRDA:61,6,1,0
BRDA:69,7,0,0
BRDA:69,7,1,0
BRDA:70,8,0,0
BRDA:70,8,1,0
BRDA:73,9,0,0
BRDA:73,9,1,0
BRDA:84,10,0,0
BRDA:84,10,1,0
BRDA:108,11,0,0
BRDA:108,11,1,0
BRDA:110,12,0,0
BRDA:110,12,1,0
BRDA:120,13,0,0
BRDA:120,13,1,0
BRDA:121,14,0,0
BRDA:121,14,1,0
BRDA:122,15,0,0
BRDA:122,15,1,0
BRDA:141,16,0,0
BRDA:141,16,1,0
BRDA:146,17,0,0
BRDA:146,17,1,0
BRDA:153,18,0,0
BRDA:153,18,1,0
BRDA:157,19,0,0
BRDA:157,19,1,0
BRDA:158,20,0,0
BRDA:158,20,1,0
BRDA:164,21,0,0
BRDA:164,21,1,0
BRDA:166,22,0,0
BRDA:166,22,1,0
BRDA:167,23,0,0
BRDA:167,23,1,0
BRDA:167,24,0,0
BRDA:167,24,1,0
BRDA:175,25,0,0
BRDA:175,25,1,0
BRDA:176,26,0,0
BRDA:176,26,1,0
BRDA:209,27,0,0
BRDA:209,27,1,2
BRDA:211,28,0,0
BRDA:211,28,1,0
BRDA:220,29,0,2
BRDA:220,29,1,0
BRDA:220,30,0,2
BRDA:220,30,1,2
BRDA:224,31,0,2
BRDA:224,31,1,0
BRDA:229,32,0,0
BRDA:229,32,1,2
BRDA:229,33,0,2
BRDA:229,33,1,0
BRDA:233,34,0,2
BRDA:233,34,1,0
BRDA:235,35,0,0
BRDA:235,35,1,0
BRDA:242,36,0,2
BRDA:242,36,1,0
BRDA:247,37,0,2
BRDA:247,37,1,0
BRDA:253,38,0,1
BRDA:253,38,1,1
BRDA:254,39,0,1
BRDA:254,39,1,1
BRDA:255,40,0,2
BRDA:255,40,1,2
BRDA:257,41,0,0
BRDA:257,41,1,0
BRDA:259,42,0,0
BRDA:259,42,1,0
BRDA:271,43,0,0
BRDA:271,43,1,0
BRDA:272,44,0,0
BRDA:272,44,1,0
BRDA:273,45,0,0
BRDA:273,45,1,0
BRDA:282,46,0,2
BRDA:282,46,1,0
BRDA:284,47,0,2
BRDA:284,47,1,0
BRDA:285,48,0,2
BRDA:285,48,1,2
BRDA:286,49,0,2
BRDA:286,49,1,2
BRDA:289,50,0,2
BRDA:289,50,1,1
BRDA:307,51,0,0
BRDA:307,52,0,0
BRDA:312,53,0,0
BRDA:312,53,1,0
BRDA:347,54,0,0
BRDA:347,54,1,0
BRDA:373,55,0,0
BRDA:373,55,1,0
BRDA:379,56,0,0
BRDA:379,56,1,0
BRDA:380,57,0,0
BRDA:380,57,1,0
BRDA:404,58,0,0
BRDA:404,58,1,0
BRDA:409,59,0,0
BRDA:409,59,1,0
BRDA:438,60,0,1
BRDA:438,60,1,0
BRDA:439,61,0,1
BRDA:439,61,1,0
BRDA:443,62,0,1
BRDA:443,62,1,0
BRDA:444,63,0,1
BRDA:444,63,1,0
BRDA:445,64,0,0
BRDA:445,64,1,0
BRDA:446,65,0,0
BRDA:446,65,1,0
BRDA:447,66,0,0
BRDA:447,66,1,0
BRDA:448,67,0,0
BRDA:448,67,1,0
BRDA:448,68,0,0
BRDA:448,68,1,0
BRDA:455,69,0,0
BRDA:455,69,1,0
BRDA:456,70,0,0
BRDA:456,70,1,0
BRDA:465,71,0,1
BRDA:465,71,1,0
BRDA:466,72,0,0
BRDA:466,72,1,1
BRDA:481,73,0,0
BRDA:481,73,1,0
BRDA:481,74,0,0
BRDA:481,74,1,0
BRDA:487,75,0,0
BRDA:487,75,1,1
BRDA:491,76,0,0
BRDA:491,76,1,1
BRDA:512,77,0,0
BRDA:512,77,1,1
BRDA:555,78,0,0
BRDA:555,78,1,0
BRDA:556,79,0,0
BRDA:556,79,1,0
BRDA:563,80,0,0
BRDA:563,80,1,0
BRDA:564,81,0,0
BRDA:564,81,1,0
BRDA:565,82,0,0
BRDA:565,82,1,0
BRDA:566,83,0,0
BRDA:566,83,1,0
BRDA:567,84,0,0
BRDA:567,84,1,0
BRDA:569,85,0,0
BRDA:569,85,1,0
BRDA:569,86,0,0
BRDA:569,86,1,0
BRDA:577,87,0,0
BRDA:577,87,1,0
BRDA:578,88,0,0
BRDA:578,88,1,0
BRDA:588,89,0,0
BRDA:588,89,1,0
BRDA:589,90,0,0
BRDA:589,90,1,0
BRDA:605,91,0,0
BRDA:605,91,1,0
BRDA:605,92,0,0
BRDA:605,92,1,0
BRDA:612,93,0,0
BRDA:612,93,1,0
BRDA:616,94,0,0
BRDA:616,94,1,0
BRDA:642,95,0,0
BRDA:642,95,1,0
BRDA:647,96,0,0
BRDA:647,96,1,0
BRDA:656,97,0,0
BRDA:656,97,1,0
BRDA:674,98,0,0
BRDA:674,98,1,0
BRDA:679,99,0,0
BRDA:679,99,1,0
BRDA:686,100,0,0
BRDA:686,100,1,0
BRDA:686,101,0,0
BRDA:686,101,1,0
BRDA:693,102,0,0
BRDA:693,102,1,0
BRDA:694,103,0,0
BRDA:694,103,1,0
BRDA:694,104,0,0
BRDA:694,104,1,0
BRDA:701,105,0,0
BRDA:701,105,1,0
BRDA:741,106,0,0
BRDA:741,106,1,0
BRF:212
BRH:38
end_of_record
TN:
SF:controllers\financeAnalytics.controller.js
FN:10,(anonymous_0)
FN:80,(anonymous_1)
FN:148,(anonymous_2)
FN:151,(anonymous_3)
FN:154,(anonymous_4)
FN:157,(anonymous_5)
FN:188,(anonymous_6)
FN:227,(anonymous_7)
FN:252,(anonymous_8)
FN:265,(anonymous_9)
FN:289,(anonymous_10)
FN:309,(anonymous_11)
FNF:12
FNH:0
FNDA:0,(anonymous_0)
FNDA:0,(anonymous_1)
FNDA:0,(anonymous_2)
FNDA:0,(anonymous_3)
FNDA:0,(anonymous_4)
FNDA:0,(anonymous_5)
FNDA:0,(anonymous_6)
FNDA:0,(anonymous_7)
FNDA:0,(anonymous_8)
FNDA:0,(anonymous_9)
FNDA:0,(anonymous_10)
FNDA:0,(anonymous_11)
DA:6,2
DA:7,2
DA:10,2
DA:11,0
DA:12,0
DA:13,0
DA:16,0
DA:17,0
DA:20,0
DA:21,0
DA:22,0
DA:23,0
DA:30,0
DA:33,0
DA:34,0
DA:35,0
DA:36,0
DA:43,0
DA:46,0
DA:47,0
DA:48,0
DA:51,0
DA:52,0
DA:55,0
DA:58,0
DA:59,0
DA:61,0
DA:74,0
DA:75,0
DA:80,2
DA:81,0
DA:82,0
DA:83,0
DA:86,0
DA:89,0
DA:90,0
DA:91,0
DA:92,0
DA:93,0
DA:94,0
DA:98,0
DA:116,0
DA:131,0
DA:147,0
DA:148,0
DA:150,0
DA:151,0
DA:153,0
DA:154,0
DA:157,0
DA:158,0
DA:159,0
DA:160,0
DA:161,0
DA:162,0
DA:163,0
DA:166,0
DA:177,0
DA:182,0
DA:183,0
DA:188,2
DA:189,0
DA:190,0
DA:191,0
DA:194,0
DA:195,0
DA:197,0
DA:198,0
DA:199,0
DA:200,0
DA:208,0
DA:219,0
DA:221,0
DA:222,0
DA:227,2
DA:228,0
DA:229,0
DA:230,0
DA:233,0
DA:234,0
DA:236,0
DA:238,0
DA:252,0
DA:253,0
DA:254,0
DA:257,0
DA:259,0
DA:260,0
DA:265,2
DA:266,0
DA:267,0
DA:268,0
DA:271,0
DA:272,0
DA:273,0
DA:275,0
DA:288,0
DA:289,0
DA:290,0
DA:291,0
DA:292,0
DA:299,0
DA:300,0
DA:302,0
DA:303,0
DA:304,0
DA:306,0
DA:309,0
DA:320,0
DA:322,0
DA:323,0
LF:111
LH:7
BRDA:12,0,0,0
BRDA:12,0,1,0
BRDA:21,1,0,0
BRDA:21,1,1,0
BRDA:30,2,0,0
BRDA:30,2,1,0
BRDA:34,3,0,0
BRDA:34,3,1,0
BRDA:43,4,0,0
BRDA:43,4,1,0
BRDA:47,5,0,0
BRDA:47,5,1,0
BRDA:48,6,0,0
BRDA:48,6,1,0
BRDA:52,7,0,0
BRDA:52,7,1,0
BRDA:55,8,0,0
BRDA:55,8,1,0
BRDA:82,9,0,0
BRDA:82,9,1,0
BRDA:148,10,0,0
BRDA:148,10,1,0
BRDA:151,11,0,0
BRDA:151,11,1,0
BRDA:154,12,0,0
BRDA:154,12,1,0
BRDA:158,13,0,0
BRDA:158,13,1,0
BRDA:159,14,0,0
BRDA:159,14,1,0
BRDA:160,15,0,0
BRDA:160,15,1,0
BRDA:190,16,0,0
BRDA:190,16,1,0
BRDA:198,17,0,0
BRDA:198,17,1,0
BRDA:229,18,0,0
BRDA:229,18,1,0
BRDA:254,19,0,0
BRDA:254,19,1,0
BRDA:267,20,0,0
BRDA:267,20,1,0
BRDA:273,21,0,0
BRDA:273,21,1,0
BRDA:291,22,0,0
BRDA:291,22,1,0
BRDA:299,23,0,0
BRDA:299,23,1,0
BRDA:300,24,0,0
BRDA:300,24,1,0
BRDA:302,25,0,0
BRDA:302,25,1,0
BRDA:303,26,0,0
BRDA:303,26,1,0
BRDA:311,27,0,0
BRDA:311,27,1,0
BRDA:312,28,0,0
BRDA:312,28,1,0
BRDA:315,29,0,0
BRDA:315,29,1,0
BRDA:316,30,0,0
BRDA:316,30,1,0
BRF:62
BRH:0
end_of_record
TN:
SF:controllers\institute.controller.js
FN:15,(anonymous_0)
FN:56,(anonymous_1)
FN:143,(anonymous_2)
FN:193,(anonymous_3)
FN:272,(anonymous_4)
FN:313,(anonymous_5)
FNF:6
FNH:0
FNDA:0,(anonymous_0)
FNDA:0,(anonymous_1)
FNDA:0,(anonymous_2)
FNDA:0,(anonymous_3)
FNDA:0,(anonymous_4)
FNDA:0,(anonymous_5)
DA:7,2
DA:8,2
DA:15,2
DA:16,0
DA:17,0
DA:20,0
DA:21,0
DA:22,0
DA:29,0
DA:38,0
DA:44,0
DA:56,2
DA:57,0
DA:58,0
DA:61,0
DA:62,0
DA:64,0
DA:77,0
DA:79,0
DA:89,0
DA:90,0
DA:94,0
DA:95,0
DA:96,0
DA:97,0
DA:100,0
DA:117,0
DA:131,0
DA:143,2
DA:144,0
DA:145,0
DA:148,0
DA:149,0
DA:155,0
DA:168,0
DA:169,0
DA:175,0
DA:181,0
DA:193,2
DA:194,0
DA:195,0
DA:196,0
DA:198,0
DA:199,0
DA:200,0
DA:204,0
DA:205,0
DA:211,0
DA:213,0
DA:214,0
DA:221,0
DA:222,0
DA:223,0
DA:224,0
DA:225,0
DA:226,0
DA:227,0
DA:230,0
DA:234,0
DA:243,0
DA:244,0
DA:245,0
DA:246,0
DA:247,0
DA:248,0
DA:249,0
DA:250,0
DA:254,0
DA:260,0
DA:272,2
DA:273,0
DA:274,0
DA:275,0
DA:277,0
DA:278,0
DA:284,0
DA:286,0
DA:287,0
DA:293,0
DA:295,0
DA:301,0
DA:313,2
DA:314,0
DA:315,0
DA:317,0
DA:319,0
DA:320,0
DA:326,0
DA:328,0
DA:333,0
DA:340,2
LF:91
LH:9
BRDA:21,0,0,0
BRDA:21,0,1,0
BRDA:58,1,0,0
BRDA:58,2,0,0
BRDA:58,3,0,0
BRDA:79,4,0,0
BRDA:79,4,1,0
BRDA:89,5,0,0
BRDA:89,5,1,0
BRDA:89,6,0,0
BRDA:89,6,1,0
BRDA:94,7,0,0
BRDA:94,7,1,0
BRDA:96,8,0,0
BRDA:96,8,1,0
BRDA:148,9,0,0
BRDA:148,9,1,0
BRDA:148,10,0,0
BRDA:148,10,1,0
BRDA:168,11,0,0
BRDA:168,11,1,0
BRDA:199,12,0,0
BRDA:199,12,1,0
BRDA:204,13,0,0
BRDA:204,13,1,0
BRDA:204,14,0,0
BRDA:204,14,1,0
BRDA:213,15,0,0
BRDA:213,15,1,0
BRDA:221,16,0,0
BRDA:221,16,1,0
BRDA:221,17,0,0
BRDA:221,17,1,0
BRDA:226,18,0,0
BRDA:226,18,1,0
BRDA:235,19,0,0
BRDA:235,19,1,0
BRDA:236,20,0,0
BRDA:236,20,1,0
BRDA:237,21,0,0
BRDA:237,21,1,0
BRDA:238,22,0,0
BRDA:238,22,1,0
BRDA:239,23,0,0
BRDA:239,23,1,0
BRDA:245,24,0,0
BRDA:245,24,1,0
BRDA:247,25,0,0
BRDA:247,25,1,0
BRDA:248,26,0,0
BRDA:248,26,1,0
BRDA:249,27,0,0
BRDA:249,27,1,0
BRDA:277,28,0,0
BRDA:277,28,1,0
BRDA:286,29,0,0
BRDA:286,29,1,0
BRDA:319,30,0,0
BRDA:319,30,1,0
BRF:59
BRH:0
end_of_record
TN:
SF:controllers\lead.controller.js
FN:3,(anonymous_0)
FN:30,(anonymous_1)
FN:45,(anonymous_2)
FN:53,(anonymous_3)
FN:71,(anonymous_4)
FNF:5
FNH:0
FNDA:0,(anonymous_0)
FNDA:0,(anonymous_1)
FNDA:0,(anonymous_2)
FNDA:0,(anonymous_3)
FNDA:0,(anonymous_4)
DA:1,2
DA:3,2
DA:4,0
DA:5,0
DA:7,0
DA:19,0
DA:25,0
DA:26,0
DA:30,2
DA:31,0
DA:32,0
DA:33,0
DA:38,0
DA:40,0
DA:41,0
DA:45,2
DA:46,0
DA:47,0
DA:51,0
DA:53,0
DA:67,0
DA:71,2
DA:72,0
DA:73,0
DA:74,0
DA:76,0
DA:77,0
DA:78,0
DA:81,0
DA:82,0
DA:84,0
DA:90,0
LF:32
LH:5
BRDA:34,0,0,0
BRDA:34,0,1,0
BRDA:36,1,0,0
BRDA:36,1,1,0
BRDA:77,2,0,0
BRDA:77,2,1,0
BRF:6
BRH:0
end_of_record
TN:
SF:controllers\lifetime.controller.js
FN:11,(anonymous_0)
FN:50,(anonymous_1)
FN:89,(anonymous_2)
FN:150,(anonymous_3)
FN:215,(anonymous_4)
FN:254,(anonymous_5)
FNF:6
FNH:0
FNDA:0,(anonymous_0)
FNDA:0,(anonymous_1)
FNDA:0,(anonymous_2)
FNDA:0,(anonymous_3)
FNDA:0,(anonymous_4)
FNDA:0,(anonymous_5)
DA:7,2
DA:8,2
DA:9,2
DA:11,2
DA:12,0
DA:13,0
DA:15,0
DA:22,2
DA:50,2
DA:51,0
DA:52,0
DA:63,0
DA:64,0
DA:67,0
DA:68,0
DA:69,0
DA:71,0
DA:83,0
DA:84,0
DA:89,2
DA:90,0
DA:91,0
DA:92,0
DA:94,0
DA:95,0
DA:101,0
DA:102,0
DA:103,0
DA:106,0
DA:107,0
DA:114,0
DA:115,0
DA:116,0
DA:118,0
DA:119,0
DA:130,0
DA:144,0
DA:145,0
DA:150,2
DA:151,0
DA:153,0
DA:155,0
DA:156,0
DA:161,0
DA:162,0
DA:165,0
DA:166,0
DA:168,0
DA:169,0
DA:172,0
DA:173,0
DA:175,0
DA:178,0
DA:188,0
DA:191,0
DA:192,0
DA:198,0
DA:201,0
DA:208,0
DA:209,0
DA:215,2
DA:216,0
DA:217,0
DA:218,0
DA:220,0
DA:221,0
DA:223,0
DA:224,0
DA:226,0
DA:235,0
DA:236,0
DA:239,0
DA:241,0
DA:247,0
DA:248,0
DA:254,2
DA:255,0
DA:256,0
DA:257,0
DA:259,0
DA:260,0
DA:262,0
DA:263,0
DA:267,0
DA:268,0
DA:269,0
DA:270,0
DA:275,0
DA:287,0
DA:289,0
DA:294,0
DA:295,0
LF:92
LH:10
BRDA:12,0,0,0
BRDA:12,0,1,0
BRDA:12,1,0,0
BRDA:12,1,1,0
BRDA:63,2,0,0
BRDA:63,2,1,0
BRDA:69,3,0,0
BRDA:69,3,1,0
BRDA:69,4,0,0
BRDA:69,4,1,0
BRDA:78,5,0,0
BRDA:78,5,1,0
BRDA:92,6,0,0
BRDA:92,6,1,0
BRDA:94,7,0,0
BRDA:94,7,1,0
BRDA:102,8,0,0
BRDA:102,8,1,0
BRDA:106,9,0,0
BRDA:106,9,1,0
BRDA:116,10,0,0
BRDA:116,10,1,0
BRDA:116,11,0,0
BRDA:116,11,1,0
BRDA:161,12,0,0
BRDA:161,12,1,0
BRDA:166,13,0,0
BRDA:166,13,1,0
BRDA:168,14,0,0
BRDA:168,14,1,0
BRDA:173,15,0,0
BRDA:173,15,1,0
BRDA:209,16,0,0
BRDA:209,16,1,0
BRDA:221,17,0,0
BRDA:221,17,1,0
BRDA:224,18,0,0
BRDA:224,18,1,0
BRDA:229,19,0,0
BRDA:229,19,1,0
BRDA:235,20,0,0
BRDA:235,20,1,0
BRDA:260,21,0,0
BRDA:260,21,1,0
BRDA:262,22,0,0
BRDA:262,22,1,0
BRDA:267,23,0,0
BRDA:267,23,1,0
BRDA:269,24,0,0
BRDA:269,24,1,0
BRDA:269,25,0,0
BRDA:269,25,1,0
BRDA:291,26,0,0
BRDA:291,26,1,0
BRF:54
BRH:0
end_of_record
TN:
SF:controllers\manager.controller.js
FN:9,(anonymous_0)
FN:97,(anonymous_1)
FNF:2
FNH:0
FNDA:0,(anonymous_0)
FNDA:0,(anonymous_1)
DA:6,2
DA:7,2
DA:9,2
DA:10,0
DA:11,0
DA:12,0
DA:13,0
DA:14,0
DA:17,0
DA:26,0
DA:27,0
DA:28,0
DA:36,0
DA:49,0
DA:52,0
DA:60,0
DA:68,0
DA:72,0
DA:85,0
DA:86,0
DA:97,2
DA:98,0
DA:99,0
DA:100,0
DA:103,0
DA:104,0
DA:106,0
DA:107,0
DA:110,0
DA:111,0
DA:112,0
DA:115,0
DA:124,0
DA:138,0
DA:148,0
DA:152,0
DA:164,0
DA:165,0
LF:38
LH:4
BRDA:17,0,0,0
BRDA:17,0,1,0
BRDA:28,1,0,0
BRDA:28,1,1,0
BRDA:68,2,0,0
BRDA:68,2,1,0
BRDA:100,3,0,0
BRDA:100,3,1,0
BRDA:103,4,0,0
BRDA:103,4,1,0
BRDA:106,5,0,0
BRDA:106,5,1,0
BRDA:115,6,0,0
BRDA:115,6,1,0
BRDA:148,7,0,0
BRDA:148,7,1,0
BRF:16
BRH:0
end_of_record
TN:
SF:controllers\note.controller.js
FN:5,destroyCloudinary
FN:14,(anonymous_1)
FN:64,(anonymous_2)
FN:84,(anonymous_3)
FN:104,(anonymous_4)
FN:141,(anonymous_5)
FN:161,(anonymous_6)
FNF:7
FNH:0
FNDA:0,destroyCloudinary
FNDA:0,(anonymous_1)
FNDA:0,(anonymous_2)
FNDA:0,(anonymous_3)
FNDA:0,(anonymous_4)
FNDA:0,(anonymous_5)
FNDA:0,(anonymous_6)
DA:1,2
DA:2,2
DA:6,0
DA:7,0
DA:8,0
DA:9,0
DA:10,0
DA:14,2
DA:15,0
DA:16,0
DA:19,0
DA:20,0
DA:23,0
DA:24,0
DA:25,0
DA:28,0
DA:30,0
DA:31,0
DA:35,0
DA:36,0
DA:39,0
DA:51,0
DA:58,0
DA:59,0
DA:64,2
DA:65,0
DA:66,0
DA:67,0
DA:76,0
DA:78,0
DA:79,0
DA:84,2
DA:85,0
DA:86,0
DA:87,0
DA:96,0
DA:98,0
DA:99,0
DA:104,2
DA:105,0
DA:106,0
DA:107,0
DA:109,0
DA:111,0
DA:112,0
DA:116,0
DA:117,0
DA:118,0
DA:119,0
DA:121,0
DA:122,0
DA:127,0
DA:128,0
DA:129,0
DA:131,0
DA:133,0
DA:135,0
DA:136,0
DA:141,2
DA:142,0
DA:143,0
DA:153,0
DA:155,0
DA:156,0
DA:161,2
DA:162,0
DA:163,0
DA:166,0
DA:167,0
DA:168,0
DA:170,0
DA:172,0
DA:179,0
DA:181,0
DA:182,0
LF:75
LH:8
BRDA:5,0,0,0
BRDA:6,1,0,0
BRDA:6,1,1,0
BRDA:6,2,0,0
BRDA:6,2,1,0
BRDA:8,3,0,0
BRDA:8,3,1,0
BRDA:9,4,0,0
BRDA:9,4,1,0
BRDA:19,5,0,0
BRDA:19,5,1,0
BRDA:24,6,0,0
BRDA:24,6,1,0
BRDA:30,7,0,0
BRDA:30,7,1,0
BRDA:35,8,0,0
BRDA:35,8,1,0
BRDA:35,9,0,0
BRDA:35,9,1,0
BRDA:35,9,2,0
BRDA:45,10,0,0
BRDA:45,10,1,0
BRDA:111,11,0,0
BRDA:111,11,1,0
BRDA:116,12,0,0
BRDA:116,12,1,0
BRDA:118,13,0,0
BRDA:118,13,1,0
BRDA:121,14,0,0
BRDA:121,14,1,0
BRDA:121,15,0,0
BRDA:121,15,1,0
BRDA:121,15,2,0
BRDA:128,16,0,0
BRDA:128,16,1,0
BRDA:166,17,0,0
BRDA:166,17,1,0
BRDA:170,18,0,0
BRDA:170,18,1,0
BRF:39
BRH:0
end_of_record
TN:
SF:controllers\parent.controller.js
FN:6,(anonymous_0)
FN:18,(anonymous_1)
FN:45,(anonymous_2)
FN:68,(anonymous_3)
FN:114,(anonymous_4)
FN:137,(anonymous_5)
FN:143,(anonymous_6)
FN:144,(anonymous_7)
FN:144,(anonymous_8)
FN:168,(anonymous_9)
FN:187,(anonymous_10)
FN:193,(anonymous_11)
FN:194,(anonymous_12)
FN:194,(anonymous_13)
FN:212,(anonymous_14)
FN:231,(anonymous_15)
FN:232,(anonymous_16)
FN:233,(anonymous_17)
FN:234,(anonymous_18)
FN:235,(anonymous_19)
FN:263,(anonymous_20)
FN:293,(anonymous_21)
FN:340,(anonymous_22)
FN:360,(anonymous_23)
FN:386,(anonymous_24)
FN:408,(anonymous_25)
FN:428,(anonymous_26)
FN:451,(anonymous_27)
FN:519,(anonymous_28)
FNF:29
FNH:0
FNDA:0,(anonymous_0)
FNDA:0,(anonymous_1)
FNDA:0,(anonymous_2)
FNDA:0,(anonymous_3)
FNDA:0,(anonymous_4)
FNDA:0,(anonymous_5)
FNDA:0,(anonymous_6)
FNDA:0,(anonymous_7)
FNDA:0,(anonymous_8)
FNDA:0,(anonymous_9)
FNDA:0,(anonymous_10)
FNDA:0,(anonymous_11)
FNDA:0,(anonymous_12)
FNDA:0,(anonymous_13)
FNDA:0,(anonymous_14)
FNDA:0,(anonymous_15)
FNDA:0,(anonymous_16)
FNDA:0,(anonymous_17)
FNDA:0,(anonymous_18)
FNDA:0,(anonymous_19)
FNDA:0,(anonymous_20)
FNDA:0,(anonymous_21)
FNDA:0,(anonymous_22)
FNDA:0,(anonymous_23)
FNDA:0,(anonymous_24)
FNDA:0,(anonymous_25)
FNDA:0,(anonymous_26)
FNDA:0,(anonymous_27)
FNDA:0,(anonymous_28)
DA:1,2
DA:2,2
DA:3,2
DA:6,2
DA:7,0
DA:10,0
DA:18,2
DA:19,0
DA:20,0
DA:21,0
DA:23,0
DA:24,0
DA:27,0
DA:28,0
DA:29,0
DA:32,0
DA:34,0
DA:44,0
DA:45,0
DA:50,0
DA:53,0
DA:59,0
DA:68,2
DA:69,0
DA:70,0
DA:71,0
DA:73,0
DA:78,0
DA:79,0
DA:86,0
DA:99,0
DA:105,0
DA:114,2
DA:115,0
DA:116,0
DA:118,0
DA:133,0
DA:134,0
DA:135,0
DA:136,0
DA:137,0
DA:138,0
DA:143,0
DA:144,0
DA:146,0
DA:147,0
DA:150,0
DA:153,0
DA:159,0
DA:168,2
DA:169,0
DA:170,0
DA:171,0
DA:173,0
DA:174,0
DA:177,0
DA:185,0
DA:186,0
DA:187,0
DA:188,0
DA:193,0
DA:194,0
DA:196,0
DA:197,0
DA:201,0
DA:203,0
DA:212,2
DA:213,0
DA:214,0
DA:215,0
DA:217,0
DA:218,0
DA:221,0
DA:222,0
DA:231,0
DA:232,0
DA:233,0
DA:234,0
DA:235,0
DA:236,0
DA:238,0
DA:254,0
DA:263,2
DA:264,0
DA:265,0
DA:266,0
DA:268,0
DA:269,0
DA:272,0
DA:281,0
DA:283,0
DA:293,2
DA:294,0
DA:295,0
DA:296,0
DA:298,0
DA:299,0
DA:302,0
DA:303,0
DA:305,0
DA:310,0
DA:311,0
DA:315,0
DA:317,0
DA:328,0
DA:330,0
DA:331,0
DA:340,2
DA:341,0
DA:342,0
DA:344,0
DA:345,0
DA:349,0
DA:351,0
DA:360,2
DA:361,0
[...]
BRH:0
end_of_record
TN:
SF:models\studentFee.js
FNF:0
FNH:0
DA:1,2
DA:2,2
DA:4,2
DA:26,2
LF:4
LH:4
BRF:0
BRH:0
end_of_record
TN:
SF:models\studentFeePayment.js
FNF:0
FNH:0
DA:1,2
DA:2,2
DA:4,2
DA:25,2
LF:4
LH:4
BRF:0
BRH:0
end_of_record
TN:
SF:models\studentParent.js
FNF:0
FNH:0
DA:1,2
DA:2,2
DA:4,2
DA:14,2
LF:4
LH:4
BRF:0
BRH:0
end_of_record
TN:
SF:models\studentSubject.js
FNF:0
FNH:0
DA:1,2
DA:2,2
DA:4,2
DA:24,2
LF:4
LH:4
BRF:0
BRH:0
end_of_record
TN:
SF:models\subject.js
FNF:0
FNH:0
DA:1,2
DA:2,2
DA:4,2
DA:16,2
LF:4
LH:4
BRF:0
BRH:0
end_of_record
TN:
SF:models\subscription.js
FNF:0
FNH:0
DA:1,2
DA:2,2
DA:4,2
DA:27,2
LF:4
LH:4
BRF:0
BRH:0
end_of_record
TN:
SF:models\timetable.js
FNF:0
FNH:0
DA:1,2
DA:2,2
DA:4,2
DA:48,2
LF:4
LH:4
BRF:0
BRH:0
end_of_record
TN:
SF:models\timetableSlot.js
FNF:0
FNH:0
DA:1,2
DA:2,2
DA:4,2
DA:27,2
LF:4
LH:4
BRF:0
BRH:0
end_of_record
TN:
SF:models\transportFee.js
FNF:0
FNH:0
DA:1,2
DA:2,2
DA:4,2
DA:20,2
LF:4
LH:4
BRF:0
BRH:0
end_of_record
TN:
SF:models\user.js
FNF:0
FNH:0
DA:1,2
DA:2,2
DA:4,2
DA:60,2
LF:4
LH:4
BRF:0
BRH:0
end_of_record
TN:
SF:routes\admin.routes.js
FNF:0
FNH:0
DA:1,2
DA:2,2
DA:3,2
DA:4,2
DA:5,2
DA:6,2
DA:8,2
DA:11,2
DA:20,2
DA:28,2
DA:38,2
DA:49,2
DA:58,2
DA:67,2
DA:76,2
DA:84,2
LF:16
LH:16
BRF:0
BRH:0
end_of_record
TN:
SF:routes\announcement.routes.js
FNF:0
FNH:0
DA:5,2
DA:6,2
DA:7,2
DA:8,2
DA:9,2
DA:11,2
DA:12,2
DA:13,2
DA:14,2
DA:15,2
DA:17,2
LF:11
LH:11
BRF:0
BRH:0
end_of_record
TN:
SF:routes\assignment.routes.js
FNF:0
FNH:0
DA:1,2
DA:2,2
DA:3,2
DA:4,2
DA:5,2
DA:6,2
DA:9,2
DA:10,2
DA:11,2
DA:12,2
DA:13,2
DA:14,2
DA:15,2
DA:16,2
DA:19,2
DA:20,2
DA:21,2
DA:22,2
DA:25,2
DA:28,2
DA:29,2
DA:30,2
DA:31,2
DA:32,2
DA:33,2
DA:34,2
DA:35,2
DA:36,2
DA:39,2
DA:40,2
DA:42,2
LF:31
LH:31
BRF:0
BRH:0
end_of_record
TN:
SF:routes\attendance.routes.js
FNF:0
FNH:0
DA:6,2
DA:7,2
DA:8,2
DA:9,2
DA:10,2
DA:11,2
DA:14,2
DA:17,2
DA:20,2
DA:23,2
DA:26,2
DA:29,2
DA:32,2
DA:35,2
DA:38,2
DA:39,2
DA:40,2
DA:41,2
DA:42,2
DA:45,2
DA:47,2
LF:21
LH:21
BRF:0
BRH:0
end_of_record
TN:
SF:routes\auth.routes.js
FN:50,(anonymous_0)
FN:59,(anonymous_1)
FNF:2
FNH:0
FNDA:0,(anonymous_0)
FNDA:0,(anonymous_1)
DA:1,2
DA:2,2
DA:3,2
DA:4,2
DA:5,2
DA:6,2
DA:7,2
DA:8,2
DA:11,2
DA:20,2
DA:21,2
DA:22,2
DA:25,2
DA:28,2
DA:29,2
DA:30,2
DA:31,2
DA:32,2
DA:33,2
DA:36,2
DA:37,2
DA:38,2
DA:41,2
DA:42,2
DA:45,2
DA:46,2
DA:49,2
DA:50,2
DA:51,0
DA:52,0
DA:53,0
DA:54,0
DA:55,0
DA:59,0
DA:62,0
DA:66,2
LF:36
LH:29
BRF:0
BRH:0
end_of_record
TN:
SF:routes\biometric.routes.js
FNF:0
FNH:0
DA:6,2
DA:7,2
DA:8,2
DA:9,2
DA:10,2
DA:13,2
DA:14,2
DA:15,2
DA:16,2
DA:17,2
DA:18,2
DA:19,2
DA:22,2
DA:23,2
DA:24,2
DA:25,2
DA:28,2
DA:31,2
DA:34,2
DA:35,2
DA:38,2
DA:41,2
DA:42,2
DA:43,2
DA:44,2
DA:45,2
DA:48,2
DA:50,2
LF:28
LH:28
BRF:0
BRH:0
end_of_record
TN:
SF:routes\chat.routes.js
FN:11,(anonymous_0)
FN:13,(anonymous_1)
FNF:2
FNH:0
FNDA:0,(anonymous_0)
FNDA:0,(anonymous_1)
DA:1,2
DA:2,2
DA:3,2
DA:4,2
DA:5,2
DA:8,2
DA:13,0
DA:14,0
DA:15,0
DA:17,0
DA:24,2
DA:27,2
DA:30,2
DA:33,2
DA:36,2
DA:39,2
DA:42,2
DA:45,2
DA:47,2
LF:19
LH:15
BRDA:14,0,0,0
BRDA:14,0,1,0
BRF:2
BRH:0
end_of_record
TN:
SF:routes\class.routes.js
FNF:0
FNH:0
DA:7,2
DA:8,2
DA:9,2
DA:10,2
DA:11,2
DA:12,2
DA:13,2
DA:14,2
DA:15,2
DA:18,2
DA:21,2
DA:22,2
DA:23,2
DA:24,2
DA:26,2
LF:15
LH:15
BRF:0
BRH:0
end_of_record
TN:
SF:routes\enquiry.routes.js
FNF:0
FNH:0
DA:5,2
DA:6,2
DA:7,2
DA:8,2
DA:10,2
DA:13,2
DA:16,2
DA:18,2
LF:8
LH:8
BRF:0
BRH:0
end_of_record
TN:
SF:routes\exam.routes.js
FNF:0
FNH:0
DA:5,2
DA:6,2
DA:7,2
DA:8,2
DA:9,2
DA:11,2
DA:12,2
DA:13,2
DA:14,2
DA:15,2
DA:16,2
DA:18,2
LF:12
LH:12
BRF:0
BRH:0
end_of_record
TN:
SF:routes\expense.routes.js
FN:11,(anonymous_0)
FN:11,(anonymous_1)
FNF:2
FNH:1
FNDA:8,(anonymous_0)
FNDA:0,(anonymous_1)
DA:1,2
DA:2,2
DA:3,2
DA:4,2
DA:5,2
DA:8,2
DA:11,8
DA:12,0
DA:13,0
DA:14,0
DA:15,0
DA:19,0
DA:21,0
DA:25,2
DA:28,2
DA:31,2
DA:34,2
DA:36,2
LF:18
LH:12
BRDA:13,0,0,0
BRDA:13,0,1,0
BRDA:13,1,0,0
BRDA:13,1,1,0
BRDA:14,2,0,0
BRDA:14,2,1,0
BRDA:15,3,0,0
BRDA:15,3,1,0
BRDA:15,3,2,0
BRDA:19,4,0,0
BRDA:19,4,1,0
BRF:11
BRH:0
end_of_record
TN:
SF:routes\faculty.routes.js
FNF:0
FNH:0
DA:6,2
DA:7,2
DA:8,2
DA:9,2
DA:10,2
DA:11,2
DA:18,2
DA:19,2
DA:20,2
DA:22,2
DA:23,2
DA:30,2
DA:37,2
DA:44,2
DA:51,2
DA:54,2
DA:55,2
DA:58,2
DA:60,2
LF:19
LH:19
BRF:0
BRH:0
end_of_record
TN:
SF:routes\facultyAttendance.routes.js
FNF:0
FNH:0
DA:1,2
DA:2,2
DA:3,2
DA:4,2
DA:5,2
DA:8,2
DA:11,2
DA:14,2
DA:17,2
DA:20,2
DA:23,2
DA:26,2
DA:28,2
LF:13
LH:13
BRF:0
BRH:0
end_of_record
TN:
SF:routes\fees.routes.js
FNF:0
FNH:0
DA:5,2
DA:6,2
DA:7,2
DA:8,2
DA:9,2
DA:11,2
DA:12,2
DA:14,2
DA:15,2
DA:16,2
DA:17,2
DA:18,2
DA:19,2
DA:20,2
DA:22,2
DA:23,2
DA:24,2
DA:25,2
DA:26,2
DA:28,2
LF:20
LH:20
BRF:0
BRH:0
end_of_record
TN:
SF:routes\finance.routes.js
FN:17,(anonymous_0)
FNF:1
FNH:0
FNDA:0,(anonymous_0)
DA:8,2
DA:9,2
DA:10,2
DA:11,2
DA:14,2
DA:17,2
DA:18,0
DA:19,0
DA:24,0
DA:26,2
DA:29,2
DA:32,2
DA:35,2
DA:38,2
DA:41,2
DA:43,2
LF:16
LH:13
BRDA:18,0,0,0
BRDA:18,0,1,0
BRDA:18,1,0,0
BRDA:18,1,1,0
BRF:4
BRH:0
end_of_record
TN:
SF:routes\institute.routes.js
FNF:0
FNH:0
DA:6,2
DA:7,2
DA:8,2
DA:9,2
DA:10,2
DA:17,2
DA:24,2
DA:31,2
DA:33,2
DA:40,2
DA:47,2
DA:54,2
DA:56,2
LF:13
LH:13
BRF:0
BRH:0
end_of_record
TN:
SF:routes\invoice.routes.js
FN:9,(anonymous_0)
FN:23,(anonymous_1)
FNF:2
FNH:0
FNDA:0,(anonymous_0)
FNDA:0,(anonymous_1)
DA:1,2
DA:2,2
DA:3,2
DA:5,2
DA:7,2
DA:9,2
DA:10,0
DA:11,0
DA:12,0
DA:16,0
DA:18,0
DA:19,0
DA:23,2
DA:24,0
DA:29,0
DA:32,2
LF:16
LH:8
BRF:0
BRH:0
end_of_record
TN:
SF:routes\lead.routes.js
FNF:0
FNH:0
DA:1,2
DA:2,2
DA:3,2
DA:4,2
DA:5,2
DA:7,2
DA:8,2
DA:9,2
DA:10,2
DA:12,2
LF:10
LH:10
BRF:0
BRH:0
end_of_record
TN:
SF:routes\lifetime.routes.js
FNF:0
FNH:0
DA:8,2
DA:9,2
DA:10,2
DA:11,2
DA:12,2
DA:15,2
DA:18,2
DA:19,2
DA:22,2
DA:23,2
DA:25,2
LF:11
LH:11
BRF:0
BRH:0
end_of_record
TN:
SF:routes\manager.routes.js
FNF:0
FNH:0
DA:1,2
DA:2,2
DA:3,2
DA:4,2
DA:5,2
DA:8,2
DA:18,2
DA:25,2
LF:8
LH:8
BRF:0
BRH:0
end_of_record
TN:
SF:routes\note.routes.js
FN:11,(anonymous_0)
FN:13,(anonymous_1)
FNF:2
FNH:0
FNDA:0,(anonymous_0)
FNDA:0,(anonymous_1)
DA:1,2
DA:2,2
DA:3,2
DA:4,2
DA:5,2
DA:8,2
DA:13,0
DA:14,0
DA:15,0
DA:17,0
DA:24,2
DA:27,2
DA:30,2
DA:33,2
DA:36,2
DA:38,2
LF:16
LH:12
BRDA:14,0,0,0
BRDA:14,0,1,0
BRF:2
BRH:0
end_of_record
TN:
SF:routes\parent.routes.js
FNF:0
FNH:0
DA:1,2
DA:2,2
DA:3,2
DA:4,2
DA:5,2
DA:6,2
DA:9,2
DA:16,2
DA:23,2
DA:30,2
DA:37,2
DA:44,2
DA:52,2
DA:59,2
DA:66,2
DA:73,2
DA:80,2
DA:88,2
DA:97,2
DA:103,2
DA:110,2
LF:21
LH:21
BRF:0
BRH:0
end_of_record
TN:
SF:routes\payment.routes.js
FNF:0
FNH:0
DA:1,2
DA:2,2
DA:3,2
DA:4,2
DA:7,2
DA:8,2
DA:11,2
DA:12,2
DA:14,2
LF:9
LH:9
BRF:0
BRH:0
end_of_record
TN:
SF:routes\plan.routes.js
FNF:0
FNH:0
DA:1,2
DA:2,2
DA:3,2
DA:4,2
DA:5,2
DA:6,2
DA:9,2
DA:12,2
DA:13,2
DA:14,2
DA:16,2
LF:11
LH:11
BRF:0
BRH:0
end_of_record
TN:
SF:routes\publicPage.routes.js
FN:24,(anonymous_0)
FN:45,(anonymous_1)
FN:55,(anonymous_2)
FN:56,(anonymous_3)
FN:78,(anonymous_4)
FN:79,(anonymous_5)
FN:83,(anonymous_6)
FNF:7
FNH:0
FNDA:0,(anonymous_0)
FNDA:0,(anonymous_1)
FNDA:0,(anonymous_2)
FNDA:0,(anonymous_3)
FNDA:0,(anonymous_4)
FNDA:0,(anonymous_5)
FNDA:0,(anonymous_6)
DA:8,2
DA:9,2
DA:10,2
DA:11,2
DA:12,2
DA:13,2
DA:14,2
DA:15,2
DA:19,2
DA:24,2
DA:25,0
DA:26,0
DA:27,0
DA:32,2
DA:34,0
DA:35,0
DA:46,0
DA:51,2
DA:52,2
DA:54,2
DA:55,0
DA:57,0
DA:58,0
DA:64,2
DA:71,2
DA:78,2
DA:79,0
DA:80,0
DA:81,0
DA:82,0
DA:83,0
DA:84,0
DA:85,0
DA:87,0
DA:89,0
DA:94,2
DA:97,2
DA:100,2
DA:101,2
DA:102,2
DA:105,2
DA:106,2
DA:109,2
DA:110,2
DA:113,2
DA:114,2
DA:117,2
DA:118,2
DA:119,2
DA:122,2
DA:123,2
DA:125,2
LF:52
LH:34
BRDA:19,0,0,2
BRDA:19,0,1,0
BRDA:19,0,2,0
BRDA:19,0,3,0
BRDA:26,1,0,0
BRDA:26,1,1,0
BRDA:32,2,0,0
BRDA:32,2,1,2
BRDA:52,3,0,0
BRDA:52,3,1,2
BRDA:80,4,0,0
BRDA:80,4,1,0
BRDA:81,5,0,0
BRDA:81,5,1,0
BRDA:84,6,0,0
BRDA:84,6,1,0
BRF:16
BRH:3
end_of_record
TN:
SF:routes\publicSite.routes.js
FNF:0
FNH:0
DA:6,2
DA:7,2
DA:8,2
DA:11,2
DA:14,2
DA:16,2
LF:6
LH:6
BRF:0
BRH:0
end_of_record
TN:
SF:routes\reports.routes.js
FNF:0
FNH:0
DA:6,2
DA:7,2
DA:8,2
DA:9,2
DA:10,2
DA:11,2
DA:12,2
DA:15,2
DA:18,2
DA:21,2
DA:24,2
DA:27,2
DA:30,2
DA:33,2
DA:36,2
DA:38,2
LF:16
LH:16
BRF:0
BRH:0
end_of_record
TN:
SF:routes\salary.routes.js
FNF:0
FNH:0
DA:6,2
DA:7,2
DA:8,2
DA:9,2
DA:10,2
DA:11,2
DA:12,2
DA:15,2
DA:18,2
DA:21,2
DA:24,2
DA:27,2
DA:30,2
DA:32,2
LF:14
LH:14
BRF:0
BRH:0
end_of_record
TN:
SF:routes\student.routes.js
FNF:0
FNH:0
DA:1,2
DA:2,2
DA:3,2
DA:4,2
DA:5,2
DA:6,2
DA:7,2
DA:8,2
DA:9,2
DA:10,2
DA:13,2
DA:16,2
DA:19,2
DA:20,2
DA:23,2
DA:33,2
DA:34,2
DA:36,2
DA:37,2
DA:40,2
DA:43,2
DA:44,2
DA:46,2
LF:23
LH:23
BRF:0
BRH:0
end_of_record
TN:
SF:routes\subject.routes.js
FNF:0
FNH:0
DA:5,2
DA:6,2
DA:7,2
DA:8,2
DA:9,2
DA:10,2
DA:13,2
DA:14,2
DA:15,2
DA:16,2
DA:17,2
DA:19,2
LF:12
LH:12
BRF:0
BRH:0
end_of_record
TN:
SF:routes\subscription.routes.js
FNF:0
FNH:0
DA:5,2
DA:6,2
DA:7,2
DA:8,2
DA:9,2
DA:11,2
DA:12,2
DA:13,2
DA:15,2
LF:9
LH:9
BRF:0
BRH:0
end_of_record
TN:
SF:routes\superadmin.routes.js
FNF:0
FNH:0
DA:1,2
DA:2,2
DA:4,2
DA:5,2
DA:7,2
DA:8,2
DA:11,2
DA:13,2
DA:20,2
DA:27,2
DA:34,2
DA:42,2
DA:50,2
DA:57,2
DA:64,2
DA:71,2
DA:78,2
DA:86,2
DA:93,2
DA:100,2
LF:20
LH:20
BRF:0
BRH:0
end_of_record
TN:
SF:routes\timetable.routes.js
FNF:0
FNH:0
DA:1,2
DA:2,2
DA:3,2
DA:4,2
DA:5,2
DA:8,2
DA:9,2
DA:10,2
DA:13,2
DA:14,2
DA:15,2
DA:16,2
DA:17,2
DA:19,2
LF:14
LH:14
BRF:0
BRH:0
end_of_record
TN:
SF:routes\transportFee.routes.js
FNF:0
FNH:0
DA:1,2
DA:2,2
DA:3,2
DA:4,2
DA:5,2
DA:6,2
DA:9,2
DA:16,2
DA:24,2
DA:32,2
DA:40,2
LF:11
LH:11
BRF:0
BRH:0
end_of_record
TN:
SF:routes\webhook.routes.js
FNF:0
FNH:0
DA:1,2
DA:2,2
DA:3,2
DA:5,2
DA:7,2
LF:5
LH:5
BRF:0
BRH:0
end_of_record
TN:
SF:seeders\seedPlans.js
FN:8,(anonymous_0)
FNF:1
FNH:1
FNDA:2,(anonymous_0)
DA:6,2
DA:8,2
DA:9,2
DA:11,2
DA:12,2
DA:13,0
DA:14,0
DA:17,2
DA:143,2
DA:144,2
DA:145,2
DA:146,2
DA:147,2
DA:150,0
DA:151,0
DA:155,2
LF:16
LH:12
BRDA:12,0,0,0
BRDA:12,0,1,2
BRF:2
BRH:1
end_of_record
TN:
SF:services\auth.service.js
FN:5,(anonymous_0)
FN:144,(anonymous_1)
FN:185,(anonymous_2)
FN:195,(anonymous_3)
FN:208,(anonymous_4)
FN:246,(anonymous_5)
FNF:6
FNH:3
FNDA:1,(anonymous_0)
FNDA:2,(anonymous_1)
FNDA:1,(anonymous_2)
FNDA:0,(anonymous_3)
FNDA:0,(anonymous_4)
FNDA:0,(anonymous_5)
DA:1,2
DA:2,2
DA:3,2
DA:5,2
DA:7,1
DA:8,1
DA:9,1
DA:10,1
DA:12,1
DA:13,0
DA:17,1
DA:18,1
DA:19,0
DA:22,1
DA:23,1
DA:24,0
DA:27,1
DA:28,1
DA:29,1
DA:30,1
DA:31,1
DA:33,1
DA:34,1
DA:35,1
DA:36,1
DA:37,1
DA:39,1
DA:40,0
DA:41,0
DA:42,0
DA:44,1
DA:46,1
DA:47,0
DA:50,1
DA:51,1
DA:54,1
DA:55,1
DA:61,1
DA:101,1
DA:102,0
DA:103,0
DA:104,0
DA:113,1
DA:116,1
DA:127,1
DA:128,1
DA:129,1
DA:131,1
DA:141,1
DA:144,2
DA:145,2
DA:155,2
DA:162,2
DA:163,2
DA:167,1
DA:168,1
DA:170,1
DA:173,1
DA:184,1
DA:185,1
DA:187,1
DA:188,0
DA:192,1
DA:195,2
DA:196,0
DA:197,0
DA:199,0
DA:200,0
DA:202,0
DA:203,0
DA:205,0
DA:208,2
DA:209,0
DA:216,0
DA:218,0
DA:219,0
DA:220,0
DA:221,0
DA:224,0
DA:225,0
DA:226,0
DA:227,0
DA:228,0
DA:229,0
DA:231,0
DA:232,0
DA:233,0
DA:234,0
DA:235,0
DA:239,0
DA:243,0
DA:246,2
DA:247,0
DA:248,0
DA:250,0
DA:251,0
LF:96
LH:55
BRDA:7,0,0,1
BRDA:7,0,1,1
BRDA:8,1,0,1
BRDA:8,1,1,1
BRDA:10,2,0,1
BRDA:10,2,1,1
BRDA:12,3,0,0
BRDA:12,3,1,1
BRDA:12,4,0,1
BRDA:12,4,1,1
BRDA:12,4,2,1
BRDA:12,4,3,1
BRDA:12,4,4,1
BRDA:12,4,5,1
BRDA:18,5,0,0
BRDA:18,5,1,1
BRDA:23,6,0,0
BRDA:23,6,1,1
BRDA:33,7,0,1
BRDA:33,7,1,0
BRDA:35,8,0,1
BRDA:35,8,1,0
BRDA:39,9,0,0
BRDA:39,9,1,1
BRDA:40,10,0,0
BRDA:40,10,1,0
BRDA:46,11,0,0
BRDA:46,11,1,1
BRDA:54,12,0,1
BRDA:54,12,1,0
BRDA:54,13,0,1
BRDA:54,13,1,0
BRDA:54,13,2,0
BRDA:69,14,0,1
BRDA:69,14,1,0
BRDA:71,15,0,0
BRDA:71,15,1,1
BRDA:72,16,0,0
BRDA:72,16,1,1
BRDA:74,17,0,1
BRDA:74,17,1,0
BRDA:75,18,0,1
BRDA:75,18,1,0
BRDA:76,19,0,1
BRDA:76,19,1,0
BRDA:77,20,0,1
BRDA:77,20,1,0
BRDA:80,21,0,1
BRDA:80,21,1,0
BRDA:81,22,0,1
BRDA:81,22,1,0
BRDA:82,23,0,1
BRDA:82,23,1,0
BRDA:83,24,0,1
BRDA:83,24,1,0
BRDA:84,25,0,1
BRDA:84,25,1,0
BRDA:85,26,0,1
BRDA:85,26,1,0
BRDA:86,27,0,1
BRDA:86,27,1,0
BRDA:87,28,0,1
BRDA:87,28,1,0
BRDA:88,29,0,1
BRDA:88,29,1,0
BRDA:89,30,0,1
BRDA:89,30,1,0
BRDA:90,31,0,1
BRDA:90,31,1,0
BRDA:91,32,0,1
BRDA:91,32,1,0
BRDA:92,33,0,1
BRDA:92,33,1,0
BRDA:93,34,0,1
BRDA:93,34,1,0
BRDA:94,35,0,1
BRDA:94,35,1,0
BRDA:95,36,0,1
BRDA:95,36,1,0
BRDA:96,37,0,1
BRDA:96,37,1,0
BRDA:98,38,0,1
BRDA:98,38,1,1
BRDA:101,39,0,0
BRDA:101,39,1,1
BRDA:102,40,0,0
BRDA:102,40,1,0
BRDA:127,41,0,1
BRDA:127,41,1,0
BRDA:127,42,0,1
BRDA:127,42,1,1
BRDA:128,43,0,0
BRDA:128,43,1,1
BRDA:129,44,0,0
BRDA:129,44,1,1
BRDA:155,45,0,0
BRDA:155,45,1,2
BRDA:163,46,0,1
BRDA:163,46,1,1
BRDA:167,47,0,1
BRDA:167,47,1,0
BRDA:167,48,0,1
BRDA:167,48,1,1
BRDA:170,49,0,1
BRDA:170,49,1,0
BRDA:170,50,0,0
BRDA:170,50,1,0
BRDA:187,51,0,0
BRDA:187,51,1,1
BRDA:197,52,0,0
BRDA:197,52,1,0
BRDA:200,53,0,0
BRDA:200,53,1,0
BRDA:216,54,0,0
BRDA:216,54,1,0
BRDA:219,55,0,0
BRDA:219,55,1,0
BRDA:219,56,0,0
BRDA:219,56,1,0
BRDA:229,57,0,0
BRDA:229,57,1,0
BRDA:231,58,0,0
BRDA:231,58,1,0
BRDA:232,59,0,0
BRDA:232,59,1,0
BRDA:233,60,0,0
BRDA:233,60,1,0
BRDA:239,61,0,0
BRDA:239,61,1,0
BRDA:248,62,0,0
BRDA:248,62,1,0
BRDA:257,63,0,0
BRDA:257,63,1,0
BRDA:258,64,0,0
BRDA:258,64,1,0
BRDA:259,65,0,0
BRDA:259,65,1,0
BRF:137
BRH:61
end_of_record
TN:
SF:services\email.service.js
FN:10,(anonymous_0)
FN:29,(anonymous_1)
FN:49,(anonymous_2)
FN:87,(anonymous_3)
FNF:4
FNH:0
FNDA:0,(anonymous_0)
FNDA:0,(anonymous_1)
FNDA:0,(anonymous_2)
FNDA:0,(anonymous_3)
DA:1,2
DA:2,2
DA:5,2
DA:10,2
DA:11,0
DA:29,2
DA:30,0
DA:32,0
DA:33,0
DA:39,0
DA:40,0
DA:42,0
DA:43,0
DA:44,0
DA:45,0
DA:49,2
DA:50,0
DA:52,0
DA:56,0
DA:80,0
DA:82,0
DA:83,0
DA:87,2
DA:88,0
DA:90,0
DA:147,0
DA:153,0
DA:154,0
LF:28
LH:7
BRDA:5,0,0,0
BRDA:5,0,1,2
BRDA:5,1,0,2
BRDA:5,1,1,0
BRDA:30,2,0,0
BRDA:30,2,1,0
BRDA:32,3,0,0
BRDA:32,3,1,0
BRDA:35,4,0,0
BRDA:35,4,1,0
BRDA:39,5,0,0
BRDA:39,5,1,0
BRDA:52,6,0,0
BRDA:52,6,1,0
BRDA:60,7,0,0
BRDA:60,7,1,0
BRF:16
BRH:2
end_of_record
TN:
SF:services\invoice.service.js
FN:5,(anonymous_0)
FNF:1
FNH:0
FNDA:0,(anonymous_0)
DA:1,2
DA:2,2
DA:3,2
DA:5,2
DA:11,0
DA:12,0
DA:13,0
DA:14,0
DA:15,0
DA:17,0
DA:19,0
DA:20,0
DA:23,0
DA:24,0
DA:25,0
DA:28,0
DA:41,0
DA:55,0
DA:62,0
DA:65,0
DA:66,0
DA:80,0
DA:94,0
DA:95,0
DA:106,0
DA:107,0
DA:108,0
DA:109,0
DA:111,0
DA:118,0
DA:126,0
DA:127,0
DA:129,0
DA:134,0
DA:135,0
DA:136,0
DA:140,0
DA:141,0
DA:145,0
DA:148,0
DA:155,0
DA:163,0
DA:170,0
DA:172,0
LF:44
LH:4
BRDA:14,0,0,0
BRDA:14,0,1,0
BRDA:76,1,0,0
BRDA:76,1,1,0
BRDA:77,2,0,0
BRDA:77,2,1,0
BRDA:90,3,0,0
BRDA:90,3,1,0
BRDA:91,4,0,0
BRDA:91,4,1,0
BRDA:107,5,0,0
BRDA:107,5,1,0
BRDA:107,6,0,0
BRDA:107,6,1,0
BRDA:108,7,0,0
BRDA:108,7,1,0
BRDA:109,8,0,0
BRDA:109,8,1,0
BRF:18
BRH:0
end_of_record
TN:
SF:services\payment.service.js
FN:6,createOrder
FN:42,verifySignature
FN:52,verifyWebhookSignature
FNF:3
FNH:0
FNDA:0,createOrder
FNDA:0,verifySignature
FNDA:0,verifyWebhookSignature
DA:1,2
DA:2,2
DA:3,2
DA:7,0
DA:8,0
DA:11,0
DA:19,0
DA:32,0
DA:43,0
DA:44,0
DA:48,0
DA:53,0
DA:57,0
DA:60,2
LF:14
LH:4
BRDA:6,0,0,0
BRF:1
BRH:0
end_of_record
TN:
SF:utils\apiResponse.js
FN:13,(anonymous_0)
FN:28,(anonymous_1)
FN:48,(anonymous_2)
FN:68,(anonymous_3)
FNF:4
FNH:0
FNDA:0,(anonymous_0)
FNDA:0,(anonymous_1)
FNDA:0,(anonymous_2)
FNDA:0,(anonymous_3)
DA:13,2
DA:14,0
DA:28,2
DA:29,0
DA:33,0
DA:34,0
DA:36,0
DA:48,2
DA:49,0
DA:50,0
DA:68,2
DA:69,0
DA:76,2
LF:13
LH:5
BRDA:13,0,0,0
BRDA:13,1,0,0
BRDA:13,2,0,0
BRDA:28,3,0,0
BRDA:28,4,0,0
BRDA:28,5,0,0
BRDA:33,6,0,0
BRDA:33,6,1,0
BRDA:48,7,0,0
BRDA:49,8,0,0
BRDA:49,8,1,0
BRF:11
BRH:0
end_of_record
TN:
SF:utils\bulkValidation.js
FN:12,validateStudentRow
FN:36,validateParentRow
FN:52,validateFacultyRow
FN:66,parseExcelDate
FNF:4
FNH:0
FNDA:0,validateStudentRow
FNDA:0,validateParentRow
FNDA:0,validateFacultyRow
FNDA:0,parseExcelDate
DA:5,2
DA:6,2
DA:13,0
DA:14,0
DA:15,0
DA:16,0
DA:17,0
DA:18,0
DA:19,0
DA:20,0
DA:22,0
DA:23,0
DA:24,0
DA:26,0
DA:28,0
DA:29,0
DA:37,0
DA:38,0
DA:39,0
DA:40,0
DA:41,0
DA:42,0
DA:43,0
DA:44,0
DA:45,0
DA:53,0
DA:54,0
DA:55,0
DA:56,0
DA:57,0
DA:58,0
DA:59,0
DA:60,0
DA:67,0
DA:69,0
DA:70,0
DA:72,0
DA:73,0
DA:74,0
DA:75,0
DA:76,0
DA:77,0
DA:82,0
DA:83,0
DA:85,0
DA:88,2
LF:46
LH:3
BRDA:14,0,0,0
BRDA:14,0,1,0
BRDA:15,1,0,0
BRDA:15,1,1,0
BRDA:15,2,0,0
BRDA:15,2,1,0
BRDA:16,3,0,0
BRDA:16,3,1,0
BRDA:16,4,0,0
BRDA:16,4,1,0
BRDA:17,5,0,0
BRDA:17,5,1,0
BRDA:18,6,0,0
BRDA:18,6,1,0
BRDA:20,7,0,0
BRDA:20,7,1,0
BRDA:23,8,0,0
BRDA:23,8,1,0
BRDA:24,9,0,0
BRDA:24,9,1,0
BRDA:26,10,0,0
BRDA:26,10,1,0
BRDA:26,11,0,0
BRDA:26,11,1,0
BRDA:28,12,0,0
BRDA:28,12,1,0
BRDA:28,13,0,0
BRDA:28,13,1,0
BRDA:38,14,0,0
BRDA:38,14,1,0
BRDA:39,15,0,0
BRDA:39,15,1,0
BRDA:39,16,0,0
BRDA:39,16,1,0
BRDA:40,17,0,0
BRDA:40,17,1,0
BRDA:41,18,0,0
BRDA:41,18,1,0
BRDA:43,19,0,0
BRDA:43,19,1,0
BRDA:44,20,0,0
BRDA:44,20,1,0
BRDA:44,21,0,0
BRDA:44,21,1,0
BRDA:54,22,0,0
BRDA:54,22,1,0
BRDA:55,23,0,0
BRDA:55,23,1,0
BRDA:55,24,0,0
BRDA:55,24,1,0
BRDA:56,25,0,0
BRDA:56,25,1,0
BRDA:57,26,0,0
BRDA:57,26,1,0
BRDA:57,27,0,0
BRDA:57,27,1,0
BRDA:58,28,0,0
BRDA:58,28,1,0
BRDA:58,29,0,0
BRDA:58,29,1,0
BRDA:59,30,0,0
BRDA:59,30,1,0
BRDA:59,31,0,0
BRDA:59,31,1,0
BRDA:67,32,0,0
BRDA:67,32,1,0
BRDA:69,33,0,0
BRDA:69,33,1,0
BRDA:70,34,0,0
BRDA:70,34,1,0
BRDA:73,35,0,0
BRDA:73,35,1,0
BRDA:74,36,0,0
BRDA:74,36,1,0
BRDA:76,37,0,0
BRDA:76,37,1,0
BRDA:83,38,0,0
BRDA:83,38,1,0
BRF:78
BRH:0
end_of_record
TN:
SF:utils\constants.js
FNF:0
FNH:0
DA:6,2
DA:16,2
DA:24,2
DA:31,2
DA:39,2
DA:47,2
LF:6
LH:6
BRF:0
BRH:0
end_of_record
TN:
SF:utils\generateToken.js
FN:23,(anonymous_0)
FN:41,(anonymous_1)
FN:51,(anonymous_2)
FN:59,(anonymous_3)
FNF:4
FNH:3
FNDA:3,(anonymous_0)
FNDA:1,(anonymous_1)
FNDA:3,(anonymous_2)
FNDA:0,(anonymous_3)
DA:12,2
DA:13,2
DA:15,2
DA:16,2
DA:17,2
DA:23,2
DA:24,3
DA:41,2
DA:42,1
DA:43,1
DA:44,1
DA:45,1
DA:51,2
DA:52,3
DA:59,2
DA:60,0
DA:71,2
LF:17
LH:16
BRF:0
BRH:0
end_of_record
TN:
SF:utils\hashPassword.js
FN:3,(anonymous_0)
FN:8,(anonymous_1)
FNF:2
FNH:2
FNDA:1,(anonymous_0)
FNDA:2,(anonymous_1)
DA:1,2
DA:3,2
DA:4,1
DA:5,1
DA:8,2
DA:9,2
DA:12,2
LF:7
LH:7
BRF:0
BRH:0
end_of_record
TN:
SF:utils\otp.util.js
FN:5,(anonymous_0)
FN:10,(anonymous_1)
FN:21,(anonymous_2)
FN:41,(anonymous_3)
FNF:4
FNH:4
FNDA:1,(anonymous_0)
FNDA:1,(anonymous_1)
FNDA:1,(anonymous_2)
FNDA:1,(anonymous_3)
DA:1,2
DA:2,2
DA:5,2
DA:6,1
DA:10,2
DA:12,1
DA:14,1
DA:15,1
DA:17,1
DA:21,2
DA:22,1
DA:27,1
DA:28,1
DA:29,1
DA:31,1
DA:32,0
DA:33,0
DA:34,0
DA:37,1
DA:41,2
DA:42,1
LF:21
LH:18
BRDA:14,0,0,1
BRDA:14,0,1,1
BRDA:27,1,0,0
BRDA:27,1,1,1
BRDA:28,2,0,0
BRDA:28,2,1,1
BRDA:29,3,0,0
BRDA:29,3,1,1
BRDA:31,4,0,0
BRDA:31,4,1,1
BRDA:34,5,0,0
BRDA:34,5,1,0
BRF:12
BRH:6
end_of_record
TN:
SF:utils\upload.js
FN:36,(anonymous_0)
FN:53,(anonymous_1)
FN:76,(anonymous_2)
FN:77,(anonymous_3)
FNF:4
FNH:0
FNDA:0,(anonymous_0)
FNDA:0,(anonymous_1)
FNDA:0,(anonymous_2)
FNDA:0,(anonymous_3)
DA:9,2
DA:10,2
DA:11,2
DA:12,2
DA:16,2
DA:22,2
DA:36,2
DA:37,0
DA:38,0
DA:40,0
DA:46,2
DA:48,0
DA:49,0
DA:51,0
DA:54,0
DA:55,0
DA:69,0
DA:72,2
DA:73,2
DA:75,2
DA:76,0
DA:78,0
DA:79,0
DA:80,0
DA:83,2
DA:86,2
DA:92,2
LF:27
LH:14
BRDA:16,0,0,2
BRDA:16,0,1,0
BRDA:16,0,2,0
BRDA:16,0,3,0
BRDA:37,1,0,0
BRDA:37,1,1,0
BRDA:46,2,0,0
BRDA:46,2,1,2
BRDA:57,3,0,0
BRDA:57,3,1,0
BRDA:59,4,0,0
BRDA:59,4,1,0
BRDA:73,5,0,0
BRDA:73,5,1,2
BRF:14
BRH:3
end_of_record
TN:
SF:utils\uploadAssignment.js
FN:34,(anonymous_0)
FN:51,(anonymous_1)
FN:74,(anonymous_2)
FN:75,(anonymous_3)
FNF:4
FNH:0
FNDA:0,(anonymous_0)
FNDA:0,(anonymous_1)
FNDA:0,(anonymous_2)
FNDA:0,(anonymous_3)
DA:9,2
DA:10,2
DA:11,2
DA:12,2
DA:16,2
DA:22,2
DA:34,2
DA:35,0
DA:36,0
DA:38,0
DA:44,2
DA:46,0
DA:47,0
DA:49,0
DA:52,0
DA:53,0
DA:67,0
DA:70,2
DA:71,2
DA:73,2
DA:74,0
DA:76,0
DA:77,0
DA:78,0
DA:81,2
DA:84,2
DA:90,2
LF:27
LH:14
BRDA:16,0,0,2
BRDA:16,0,1,0
BRDA:16,0,2,0
BRDA:16,0,3,0
BRDA:35,1,0,0
BRDA:35,1,1,0
BRDA:44,2,0,0
BRDA:44,2,1,2
BRDA:55,3,0,0
BRDA:55,3,1,0
BRDA:57,4,0,0
BRDA:57,4,1,0
BRDA:71,5,0,0
BRDA:71,5,1,2
BRF:14
BRH:3
end_of_record
TN:
SF:validators\auth.validator.js
FNF:0
FNH:0
DA:5,2
DA:7,2
DA:17,2
DA:35,2
DA:52,2
DA:58,2
DA:67,2
DA:75,2
DA:82,2
LF:9
LH:9
BRF:0
BRH:0
end_of_record
